[    0.000000] Initializing cgroup subsys cpuset
[    0.000000] Initializing cgroup subsys cpu
[    0.000000] Initializing cgroup subsys cpuacct
[    0.000000] Linux version 4.4.0-200-generic (buildd@lgw01-amd64-032) (gcc version 5.4.0 20160609 (Ubuntu 5.4.0-6ubuntu1~16.04.12) ) #232-Ubuntu SMP Wed Jan 13 10:18:39 UTC 2021 (Ubuntu 4.4.0-200.232-generic 4.4.244)
[    0.000000] Command line: BOOT_IMAGE=/boot/vmlinuz-4.4.0-200-generic root=LABEL=cloudimg-rootfs ro console=tty1 console=ttyS0
[    0.000000] KERNEL supported cpus:
[    0.000000]   Intel GenuineIntel
[    0.000000]   AMD AuthenticAMD
[    0.000000]   Centaur CentaurHauls
[    0.000000] x86/fpu: xstate_offset[2]:  576, xstate_sizes[2]:  256
[    0.000000] x86/fpu: Supporting XSAVE feature 0x01: 'x87 floating point registers'
[    0.000000] x86/fpu: Supporting XSAVE feature 0x02: 'SSE registers'
[    0.000000] x86/fpu: Supporting XSAVE feature 0x04: 'AVX registers'
[    0.000000] x86/fpu: Enabled xstate features 0x7, context size is 832 bytes, using 'standard' format.
[    0.000000] e820: BIOS-provided physical RAM map:
[    0.000000] BIOS-e820: [mem 0x0000000000000000-0x000000000009fbff] usable
[    0.000000] BIOS-e820: [mem 0x000000000009fc00-0x000000000009ffff] reserved
[    0.000000] BIOS-e820: [mem 0x00000000000f0000-0x00000000000fffff] reserved
[    0.000000] BIOS-e820: [mem 0x0000000000100000-0x000000003ffeffff] usable
[    0.000000] BIOS-e820: [mem 0x000000003fff0000-0x000000003fffffff] ACPI data
[    0.000000] BIOS-e820: [mem 0x00000000fec00000-0x00000000fec00fff] reserved
[    0.000000] BIOS-e820: [mem 0x00000000fee00000-0x00000000fee00fff] reserved
[    0.000000] BIOS-e820: [mem 0x00000000fffc0000-0x00000000ffffffff] reserved
[    0.000000] NX (Execute Disable) protection: active
[    0.000000] SMBIOS 2.5 present.
[    0.000000] Hypervisor detected: KVM
[    0.000000] e820: last_pfn = 0x3fff0 max_arch_pfn = 0x400000000
[    0.000000] MTRR: Disabled
[    0.000000] x86/PAT: MTRRs disabled, skipping PAT initialization too.
[    0.000000] CPU MTRRs all blank - virtualized system.
[    0.000000] x86/PAT: Configuration [0-7]: WB  WT  UC- UC  WB  WT  UC- UC  
[    0.000000] found SMP MP-table at [mem 0x0009fff0-0x0009ffff] mapped at [ffff88000009fff0]
[    0.000000] Scanning 1 areas for low memory corruption
[    0.000000] RAMDISK: [mem 0x362de000-0x37166fff]
[    0.000000] ACPI: Early table checksum verification disabled
[    0.000000] ACPI: RSDP 0x00000000000E0000 000024 (v02 VBOX  )
[    0.000000] ACPI: XSDT 0x000000003FFF0030 00003C (v01 VBOX   VBOXXSDT 00000001 ASL  00000061)
[    0.000000] ACPI: FACP 0x000000003FFF00F0 0000F4 (v04 VBOX   VBOXFACP 00000001 ASL  00000061)
[    0.000000] ACPI: DSDT 0x000000003FFF0470 002325 (v02 VBOX   VBOXBIOS 00000002 INTL 20100528)
[    0.000000] ACPI: FACS 0x000000003FFF0200 000040
[    0.000000] ACPI: FACS 0x000000003FFF0200 000040
[    0.000000] ACPI: APIC 0x000000003FFF0240 000054 (v02 VBOX   VBOXAPIC 00000001 ASL  00000061)
[    0.000000] ACPI: SSDT 0x000000003FFF02A0 0001CC (v01 VBOX   VBOXCPUT 00000002 INTL 20100528)
[    0.000000] No NUMA configuration found
[    0.000000] Faking a node at [mem 0x0000000000000000-0x000000003ffeffff]
[    0.000000] NODE_DATA(0) allocated [mem 0x3ffeb000-0x3ffeffff]
[    0.000000] kvm-clock: Using msrs 4b564d01 and 4b564d00
[    0.000000] kvm-clock: cpu 0, msr 0:3ffe3001, primary cpu clock
[    0.000000] kvm-clock: using sched offset of 4245005006 cycles
[    0.000000] clocksource: kvm-clock: mask: 0xffffffffffffffff max_cycles: 0x1cd42e4dffb, max_idle_ns: 881590591483 ns
[    0.000000] Zone ranges:
[    0.000000]   DMA      [mem 0x0000000000001000-0x0000000000ffffff]
[    0.000000]   DMA32    [mem 0x0000000001000000-0x000000003ffeffff]
[    0.000000]   Normal   empty
[    0.000000]   Device   empty
[    0.000000] Movable zone start for each node
[    0.000000] Early memory node ranges
[    0.000000]   node   0: [mem 0x0000000000001000-0x000000000009efff]
[    0.000000]   node   0: [mem 0x0000000000100000-0x000000003ffeffff]
[    0.000000] Initmem setup node 0 [mem 0x0000000000001000-0x000000003ffeffff]
[    0.000000] ACPI: PM-Timer IO Port: 0x4008
[    0.000000] IOAPIC[0]: apic_id 1, version 32, address 0xfec00000, GSI 0-23
[    0.000000] ACPI: INT_SRC_OVR (bus 0 bus_irq 0 global_irq 2 dfl dfl)
[    0.000000] ACPI: INT_SRC_OVR (bus 0 bus_irq 9 global_irq 9 low level)
[    0.000000] Using ACPI (MADT) for SMP configuration information
[    0.000000] smpboot: Allowing 1 CPUs, 0 hotplug CPUs
[    0.000000] PM: Registered nosave memory: [mem 0x00000000-0x00000fff]
[    0.000000] PM: Registered nosave memory: [mem 0x0009f000-0x0009ffff]
[    0.000000] PM: Registered nosave memory: [mem 0x000a0000-0x000effff]
[    0.000000] PM: Registered nosave memory: [mem 0x000f0000-0x000fffff]
[    0.000000] e820: [mem 0x40000000-0xfebfffff] available for PCI devices
[    0.000000] Booting paravirtualized kernel on KVM
[    0.000000] clocksource: refined-jiffies: mask: 0xffffffff max_cycles: 0xffffffff, max_idle_ns: 7645519600211568 ns
[    0.000000] setup_percpu: NR_CPUS:512 nr_cpumask_bits:512 nr_cpu_ids:1 nr_node_ids:1
[    0.000000] PERCPU: Embedded 33 pages/cpu @ffff88003fc00000 s95640 r8192 d31336 u2097152
[    0.000000] Built 1 zonelists in Node order, mobility grouping on.  Total pages: 257912
[    0.000000] Policy zone: DMA32
[    0.000000] Kernel command line: BOOT_IMAGE=/boot/vmlinuz-4.4.0-200-generic root=LABEL=cloudimg-rootfs ro console=tty1 console=ttyS0
[    0.000000] PID hash table entries: 4096 (order: 3, 32768 bytes)
[    0.000000] Memory: 997792K/1048120K available (8641K kernel code, 1337K rwdata, 4044K rodata, 1492K init, 1296K bss, 50328K reserved, 0K cma-reserved)
[    0.000000] SLUB: HWalign=64, Order=0-3, MinObjects=0, CPUs=1, Nodes=1
[    0.000000] Kernel/User page tables isolation: enabled
[    0.000000] Hierarchical RCU implementation.
[    0.000000] 	Build-time adjustment of leaf fanout to 64.
[    0.000000] 	RCU restricting CPUs from NR_CPUS=512 to nr_cpu_ids=1.
[    0.000000] RCU: Adjusting geometry for rcu_fanout_leaf=64, nr_cpu_ids=1
[    0.000000] NR_IRQS:33024 nr_irqs:256 16
[    0.000000] Console: colour VGA+ 80x25
[    0.000000] console [tty1] enabled
[    0.000000] console [ttyS0] enabled
[    0.000000] tsc: Detected 2904.000 MHz processor
[    0.145140] Calibrating delay loop (skipped) preset value.. 5808.00 BogoMIPS (lpj=11616000)
[    0.146789] pid_max: default: 32768 minimum: 301
[    0.147668] ACPI: Core revision 20150930
[    0.150637] ACPI: 2 ACPI AML tables successfully acquired and loaded
[    0.151910] Security Framework initialized
[    0.152746] Yama: becoming mindful.
[    0.153477] AppArmor: AppArmor initialized
[    0.154363] Dentry cache hash table entries: 131072 (order: 8, 1048576 bytes)
[    0.161441] Inode-cache hash table entries: 65536 (order: 7, 524288 bytes)
[    0.162721] Mount-cache hash table entries: 2048 (order: 2, 16384 bytes)
[    0.163888] Mountpoint-cache hash table entries: 2048 (order: 2, 16384 bytes)
[    0.165264] Initializing cgroup subsys io
[    0.166044] Initializing cgroup subsys memory
[    0.166912] Initializing cgroup subsys devices
[    0.167757] Initializing cgroup subsys freezer
[    0.168618] Initializing cgroup subsys net_cls
[    0.169463] Initializing cgroup subsys perf_event
[    0.170349] Initializing cgroup subsys net_prio
[    0.171217] Initializing cgroup subsys hugetlb
[    0.172052] Initializing cgroup subsys pids
[    0.173873] mce: CPU supports 0 MCE banks
[    0.174745] process: using mwait in idle threads
[    0.175613] Last level iTLB entries: 4KB 128, 2MB 8, 4MB 8
[    0.176646] Last level dTLB entries: 4KB 64, 2MB 0, 4MB 0, 1GB 4
[    0.177744] Spectre V1 : Mitigation: usercopy/swapgs barriers and __user pointer sanitization
[    0.179332] Spectre V2 : Mitigation: Full generic retpoline
[    0.180401] Spectre V2 : Spectre v2 / SpectreRSB mitigation: Filling RSB on context switch
[    0.182101] Speculative Store Bypass: Vulnerable
[    0.182984] SRBDS: Unknown: Dependent on hypervisor status
[    0.184031] MDS: Vulnerable: Clear CPU buffers attempted, no microcode
[    0.206138] Freeing SMP alternatives memory: 36K
[    0.212879] ftrace: allocating 32360 entries in 127 pages
[    0.275862] smpboot: APIC(0) Converting physical 0 to logical package 0
[    0.277104] smpboot: Max logical packages: 1
[    0.278157] x2apic enabled
[    0.278959] Switched APIC routing to physical x2apic.
[    0.280862] ..TIMER: vector=0x30 apic1=0 pin1=2 apic2=-1 pin2=-1
[    0.390085] smpboot: CPU0: Intel(R) Core(TM) i5-9400F CPU @ 2.90GHz (family: 0x6, model: 0x9e, stepping: 0xa)
[    0.392153] Performance Events: unsupported p6 CPU model 158 no PMU driver, software events only.
[    0.402198] KVM setup paravirtual spinlock
[    0.403504] x86: Booted up 1 node, 1 CPUs
[    0.404286] smpboot: Total of 1 processors activated (5808.00 BogoMIPS)
[    0.405613] devtmpfs: initialized
[    0.407870] evm: security.selinux
[    0.408578] evm: security.SMACK64
[    0.409282] evm: security.SMACK64EXEC
[    0.410035] evm: security.SMACK64TRANSMUTE
[    0.410856] evm: security.SMACK64MMAP
[    0.411567] evm: security.ima
[    0.412185] evm: security.capability
[    0.412990] clocksource: jiffies: mask: 0xffffffff max_cycles: 0xffffffff, max_idle_ns: 7645041785100000 ns
[    0.414782] futex hash table entries: 256 (order: 2, 16384 bytes)
[    0.415882] pinctrl core: initialized pinctrl subsystem
[    0.416905] RTC time:  6:31:24, date: 01/31/21
[    0.417827] NET: Registered protocol family 16
[    0.418788] cpuidle: using governor ladder
[    0.419604] cpuidle: using governor menu
[    0.420372] PCCT header not found.
[    0.421092] ACPI: bus type PCI registered
[    0.421884] acpiphp: ACPI Hot Plug PCI Controller Driver version: 0.5
[    0.423108] PCI: Using configuration type 1 for base access
[    0.425144] ACPI: Added _OSI(Module Device)
[    0.425965] ACPI: Added _OSI(Processor Device)
[    0.426819] ACPI: Added _OSI(3.0 _SCP Extensions)
[    0.427669] ACPI: Added _OSI(Processor Aggregator Device)
[    0.429122] ACPI: Executed 1 blocks of module-level executable AML code
[    0.432310] ACPI: Interpreter enabled
[    0.433051] ACPI: (supports S0 S5)
[    0.433745] ACPI: Using IOAPIC for interrupt routing
[    0.434819] PCI: Using host bridge windows from ACPI; if necessary, use "pci=nocrs" and report a bug
[    0.439709] ACPI: PCI Root Bridge [PCI0] (domain 0000 [bus 00-ff])
[    0.440804] acpi PNP0A03:00: _OSC: OS supports [ASPM ClockPM Segments MSI]
[    0.442280] acpi PNP0A03:00: _OSC: not requesting OS control; OS requires [ExtendedConfig ASPM ClockPM MSI]
[    0.444042] acpi PNP0A03:00: fail to add MMCONFIG information, can't access extended PCI configuration space under this bridge.
[    0.446313] PCI host bridge to bus 0000:00
[    0.447126] pci_bus 0000:00: root bus resource [io  0x0000-0x0cf7 window]
[    0.448351] pci_bus 0000:00: root bus resource [io  0x0d00-0xffff window]
[    0.449455] pci_bus 0000:00: root bus resource [mem 0x000a0000-0x000bffff window]
[    0.450853] pci_bus 0000:00: root bus resource [mem 0x40000000-0xfdffffff window]
[    0.452296] pci_bus 0000:00: root bus resource [bus 00-ff]
[    0.454860] pci 0000:00:01.1: legacy IDE quirk: reg 0x10: [io  0x01f0-0x01f7]
[    0.456128] pci 0000:00:01.1: legacy IDE quirk: reg 0x14: [io  0x03f6]
[    0.457264] pci 0000:00:01.1: legacy IDE quirk: reg 0x18: [io  0x0170-0x0177]
[    0.458455] pci 0000:00:01.1: legacy IDE quirk: reg 0x1c: [io  0x0376]
[    0.475599] pci 0000:00:07.0: quirk: [io  0x4000-0x403f] claimed by PIIX4 ACPI
[    0.476982] pci 0000:00:07.0: quirk: [io  0x4100-0x410f] claimed by PIIX4 SMB
[    0.482929] ACPI: PCI Interrupt Link [LNKA] (IRQs 5 9 10 *11)
[    0.484646] ACPI: PCI Interrupt Link [LNKB] (IRQs 5 9 *10 11)
[    0.486177] ACPI: PCI Interrupt Link [LNKC] (IRQs 5 *9 10 11)
[    0.487777] ACPI: PCI Interrupt Link [LNKD] (IRQs 5 9 10 *11)
[    0.489320] ACPI: Enabled 2 GPEs in block 00 to 07
[    0.490388] vgaarb: setting as boot device: PCI:0000:00:02.0
[    0.491346] vgaarb: device added: PCI:0000:00:02.0,decodes=io+mem,owns=io+mem,locks=none
[    0.492783] vgaarb: loaded
[    0.493347] vgaarb: bridge control possible 0000:00:02.0
[    0.494422] SCSI subsystem initialized
[    0.495183] ACPI: bus type USB registered
[    0.495940] usbcore: registered new interface driver usbfs
[    0.496865] usbcore: registered new interface driver hub
[    0.497770] usbcore: registered new device driver usb
[    0.498729] PCI: Using ACPI for IRQ routing
[    0.499750] NetLabel: Initializing
[    0.500406] NetLabel:  domain hash size = 128
[    0.501186] NetLabel:  protocols = UNLABELED CIPSOv4
[    0.502046] NetLabel:  unlabeled traffic allowed by default
[    0.503025] amd_nb: Cannot enumerate AMD northbridges
[    0.503918] clocksource: Switched to clocksource kvm-clock
[    0.520581] AppArmor: AppArmor Filesystem Enabled
[    0.521542] pnp: PnP ACPI init
[    0.522877] pnp: PnP ACPI: found 3 devices
[    0.534740] clocksource: acpi_pm: mask: 0xffffff max_cycles: 0xffffff, max_idle_ns: 2085701024 ns
[    0.536434] NET: Registered protocol family 2
[    0.537356] TCP established hash table entries: 8192 (order: 4, 65536 bytes)
[    0.538545] TCP bind hash table entries: 8192 (order: 5, 131072 bytes)
[    0.539689] TCP: Hash tables configured (established 8192 bind 8192)
[    0.540830] UDP hash table entries: 512 (order: 2, 16384 bytes)
[    0.541924] UDP-Lite hash table entries: 512 (order: 2, 16384 bytes)
[    0.543028] NET: Registered protocol family 1
[    0.543901] pci 0000:00:00.0: Limiting direct PCI/PCI transfers
[    0.544986] pci 0000:00:01.0: Activating ISA DMA hang workarounds
[    0.546170] Unpacking initramfs...
[    0.810118] Freeing initrd memory: 14884K
[    0.811124] clocksource: tsc: mask: 0xffffffffffffffff max_cycles: 0x29dc05e54fc, max_idle_ns: 440795291716 ns
[    0.812934] platform rtc_cmos: registered platform RTC device (no PNP device found)
[    0.814555] Scanning for low memory corruption every 60 seconds
[    0.815780] audit: initializing netlink subsys (disabled)
[    0.816800] audit: type=2000 audit(1612074690.656:1): initialized
[    0.818082] Initialise system trusted keyring
[    0.819066] HugeTLB registered 2 MB page size, pre-allocated 0 pages
[    0.821230] zbud: loaded
[    0.822048] VFS: Disk quotas dquot_6.6.0
[    0.822879] VFS: Dquot-cache hash table entries: 512 (order 0, 4096 bytes)
[    0.824262] squashfs: version 4.0 (2009/01/31) Phillip Lougher
[    0.825453] fuse init (API version 7.23)
[    0.826308] Key type big_key registered
[    0.827091] Allocating IMA MOK and blacklist keyrings.
[    0.828184] Key type asymmetric registered
[    0.828950] Asymmetric key parser 'x509' registered
[    0.829990] Block layer SCSI generic (bsg) driver version 0.4 loaded (major 249)
[    0.831528] io scheduler noop registered
[    0.832387] io scheduler deadline registered (default)
[    0.833360] io scheduler cfq registered
[    0.834214] pci_hotplug: PCI Hot Plug PCI Core version: 0.5
[    0.835186] pciehp: PCI Express Hot Plug Controller Driver version: 0.4
[    0.836501] ACPI: AC Adapter [AC] (on-line)
[    0.837368] input: Power Button as /devices/LNXSYSTM:00/LNXPWRBN:00/input/input0
[    0.838817] ACPI: Power Button [PWRF]
[    0.839578] input: Sleep Button as /devices/LNXSYSTM:00/LNXSLPBN:00/input/input1
[    0.841021] ACPI: Sleep Button [SLPF]
[    0.841848] GHES: HEST is not enabled!
[    0.842646] Serial: 8250/16550 driver, 32 ports, IRQ sharing enabled
[    0.864222] 00:02: ttyS0 at I/O 0x3f8 (irq = 4, base_baud = 115200) is a 16550A
[    0.866510] Linux agpgart interface v0.103
[    0.868088] loop: module loaded
[    0.869120] scsi host0: ata_piix
[    0.869840] scsi host1: ata_piix
[    0.870577] ata1: PATA max UDMA/33 cmd 0x1f0 ctl 0x3f6 bmdma 0xd000 irq 14
[    0.871739] ata2: PATA max UDMA/33 cmd 0x170 ctl 0x376 bmdma 0xd008 irq 15
[    0.873319] libphy: Fixed MDIO Bus: probed
[    0.874127] tun: Universal TUN/TAP device driver, 1.6
[    0.875093] tun: (C) 1999-2004 Max Krasnyansky <maxk@qualcomm.com>
[    0.876382] PPP generic driver version 2.4.2
[    0.877254] ehci_hcd: USB 2.0 'Enhanced' Host Controller (EHCI) Driver
[    0.878374] ehci-pci: EHCI PCI platform driver
[    0.879260] ehci-platform: EHCI generic platform driver
[    0.880243] ohci_hcd: USB 1.1 'Open' Host Controller (OHCI) Driver
[    0.881332] ohci-pci: OHCI PCI platform driver
[    0.882196] ohci-platform: OHCI generic platform driver
[    0.883150] uhci_hcd: USB Universal Host Controller Interface driver
[    0.884283] i8042: PNP: PS/2 Controller [PNP0303:PS2K,PNP0f03:PS2M] at 0x60,0x64 irq 1,12
[    0.886205] serio: i8042 KBD port at 0x60,0x64 irq 1
[    0.887150] serio: i8042 AUX port at 0x60,0x64 irq 12
[    0.888149] mousedev: PS/2 mouse device common for all mice
[    0.889333] input: AT Translated Set 2 keyboard as /devices/platform/i8042/serio0/input/input2
[    0.891261] rtc_cmos rtc_cmos: rtc core: registered rtc_cmos as rtc0
[    0.892492] rtc_cmos rtc_cmos: alarms up to one day, 114 bytes nvram
[    0.893621] i2c /dev entries driver
[    0.894377] device-mapper: uevent: version 1.0.3
[    0.895322] device-mapper: ioctl: 4.34.0-ioctl (2015-10-28) initialised: dm-devel@redhat.com
[    0.896950] ledtrig-cpu: registered to indicate activity on CPUs
[    0.898308] NET: Registered protocol family 10
[    0.899417] NET: Registered protocol family 17
[    0.900325] Key type dns_resolver registered
[    0.901289] registered taskstats version 1
[    0.902072] Loading compiled-in X.509 certificates
[    0.903358] Loaded X.509 cert 'Build time autogenerated kernel key: d37465c24ef3fae6c7088e8c56d8ac7755b77486'
[    0.905105] zswap: loaded using pool lzo/zbud
[    0.906989] Key type trusted registered
[    0.909589] Key type encrypted registered
[    0.910353] AppArmor: AppArmor sha1 policy hashing enabled
[    0.911342] ima: No TPM chip found, activating TPM-bypass!
[    0.912335] ima: Allocated hash algorithm: sha1
[    0.913169] evm: HMAC attrs: 0x1
[    0.914056]   Magic number: 5:411:520
[    0.914842] rtc_cmos rtc_cmos: setting system clock to 2021-01-31 06:31:25 UTC (1612074685)
[    0.916473] BIOS EDD facility v0.16 2004-Jun-25, 0 devices found
[    0.917513] EDD information not available.
[    1.051805] Freeing unused kernel memory: 1492K
[    1.052779] Write protecting the kernel read-only data: 14336k
[    1.054043] Freeing unused kernel memory: 1588K
[    1.055008] Freeing unused kernel memory: 52K
Loading, please wait...
starting version 229
[    1.064798] random: udevadm: uninitialized urandom read (16 bytes read, 3 bits of entropy available)
[    1.066416] random: udevadm: uninitialized urandom read (16 bytes read, 3 bits of entropy available)
[    1.068411] random: systemd-udevd: uninitialized urandom read (16 bytes read, 3 bits of entropy available)
[    1.070162] random: systemd-udevd: uninitialized urandom read (16 bytes read, 3 bits of entropy available)
[    1.071833] random: systemd-udevd: uninitialized urandom read (16 bytes read, 3 bits of entropy available)
[    1.073719] random: systemd-udevd: uninitialized urandom read (16 bytes read, 3 bits of entropy available)
[    1.080745] random: systemd-udevd: uninitialized urandom read (16 bytes read, 3 bits of entropy available)
[    1.082467] random: systemd-udevd: uninitialized urandom read (16 bytes read, 3 bits of entropy available)
[    1.084314] random: systemd-udevd: uninitialized urandom read (16 bytes read, 3 bits of entropy available)
[    1.087544] random: systemd-udevd: uninitialized urandom read (16 bytes read, 3 bits of entropy available)
[    1.138242] e1000: Intel(R) PRO/1000 Network Driver - version 7.3.21-k8-NAPI
[    1.139438] e1000: Copyright (c) 1999-2006 Intel Corporation.
[    1.143690] Fusion MPT base driver 3.04.20
[    1.144499] Copyright (c) 1999-2008 LSI Corporation
[    1.147875] Fusion MPT SPI Host driver 3.04.20
[    1.173926] AVX2 version of gcm_enc/dec engaged.
[    1.174864] AES CTR mode by8 optimization enabled
[    1.354820] input: ImExPS/2 Generic Explorer Mouse as /devices/platform/i8042/serio1/input/input4
[    1.516147] e1000 0000:00:03.0 eth0: (PCI:33MHz:32-bit) 02:95:c5:cf:8a:88
[    1.517353] e1000 0000:00:03.0 eth0: Intel(R) PRO/1000 Network Connection
[    1.519012] mptbase: ioc0: Initiating bringup
[    1.580816] ioc0: LSI53C1030 A0: Capabilities={Initiator}
[    1.741834] scsi host2: ioc0: LSI53C1030 A0, FwRev=00000000h, Ports=1, MaxQ=256, IRQ=20
[    1.853469] scsi 2:0:0:0: Direct-Access     VBOX     HARDDISK         1.0  PQ: 0 ANSI: 5
[    1.855012] scsi target2:0:0: Beginning Domain Validation
[    1.857308] scsi target2:0:0: Domain Validation skipping write tests
[    1.858410] scsi target2:0:0: Ending Domain Validation
[    1.859395] scsi target2:0:0: asynchronous
[    1.860690] scsi 2:0:1:0: Direct-Access     VBOX     HARDDISK         1.0  PQ: 0 ANSI: 5
[    1.862228] scsi target2:0:1: Beginning Domain Validation
[    1.864598] scsi target2:0:1: Domain Validation skipping write tests
[    1.865728] scsi target2:0:1: Ending Domain Validation
[    1.866677] scsi target2:0:1: asynchronous
[    1.870477] sd 2:0:0:0: Attached scsi generic sg0 type 0
[    1.871518] sd 2:0:0:0: [sda] 20971520 512-byte logical blocks: (10.7 GB/10.0 GiB)
[    1.885787] sd 2:0:1:0: Attached scsi generic sg1 type 0
[    1.886755] sd 2:0:1:0: [sdb] 20480 512-byte logical blocks: (10.5 MB/10.0 MiB)
[    1.888431] sd 2:0:1:0: [sdb] Write Protect is off
[    1.893814] sd 2:0:1:0: [sdb] Incomplete mode parameter data
[    1.894811] sd 2:0:1:0: [sdb] Assuming drive cache: write through
[    1.909055] sd 2:0:0:0: [sda] Write Protect is off
[    1.914266] sd 2:0:0:0: [sda] Incomplete mode parameter data
[    1.915303] sd 2:0:0:0: [sda] Assuming drive cache: write through
[    1.933766]  sda: sda1
[    1.934622] sd 2:0:1:0: [sdb] Attached SCSI disk
[    1.948086] sd 2:0:0:0: [sda] Attached SCSI disk
[    2.232407] e1000 0000:00:08.0 eth1: (PCI:33MHz:32-bit) 08:00:27:11:e7:a6
[    2.233575] e1000 0000:00:08.0 eth1: Intel(R) PRO/1000 Network Connection
[    2.235552] e1000 0000:00:08.0 enp0s8: renamed from eth1
[    2.237753] e1000 0000:00:03.0 enp0s3: renamed from eth0
Begin: Loading essential drivers ... [    3.529097] md: linear personality registered for level -1
[    3.532352] md: multipath personality registered for level -4
[    3.535180] md: raid0 personality registered for level 0
[    3.538790] md: raid1 personality registered for level 1
[    3.608437] raid6: sse2x1   gen() 13893 MB/s
[    3.676223] raid6: sse2x1   xor() 10165 MB/s
[    3.744062] raid6: sse2x2   gen() 16999 MB/s
[    3.812407] raid6: sse2x2   xor() 11806 MB/s
[    3.880211] raid6: sse2x4   gen() 19328 MB/s
[    3.948046] raid6: sse2x4   xor() 12581 MB/s
[    4.016368] raid6: avx2x1   gen() 27577 MB/s
[    4.084224] raid6: avx2x2   gen() 31621 MB/s
[    4.152056] raid6: avx2x4   gen() 35896 MB/s
[    4.152867] raid6: using algorithm avx2x4 gen() 35896 MB/s
[    4.153830] raid6: using avx2x2 recovery algorithm
[    4.156131] xor: automatically using best checksumming function:
[    4.195944]    avx       : 27960.000 MB/sec
[    4.198450] async_tx: api initialized (async)
[    4.208466] md: raid6 personality registered for level 6
[    4.209425] md: raid5 personality registered for level 5
[    4.210406] md: raid4 personality registered for level 4
[    4.216159] md: raid10 personality registered for level 10
done.
Begin: Running /scripts/init-premount ... done.
Begin: Mounting root file system ... Begin: Running /scripts/local-top ... done.
Begin: Running /scripts/local-premount ... [    4.248269] Btrfs loaded
Scanning for Btrfs filesystems
done.
Warning: fsck not present, so skipping root file system
[    4.314029] EXT4-fs (sda1): mounted filesystem with ordered data mode. Opts: (null)
done.
Begin: Running /scripts/local-bottom ... done.
Begin: Running /scripts/init-bottom ... done.
[    4.737552] systemd[1]: systemd 229 running in system mode. (+PAM +AUDIT +SELINUX +IMA +APPARMOR +SMACK +SYSVINIT +UTMP +LIBCRYPTSETUP +GCRYPT +GNUTLS +ACL +XZ -LZ4 +SECCOMP +BLKID +ELFUTILS +KMOD -IDN)
[    4.740625] systemd[1]: Detected virtualization oracle.
[    4.741541] systemd[1]: Detected architecture x86-64.

Welcome to [1mUbuntu 16.04.7 LTS[0m!

[    4.785716] systemd[1]: Set hostname to <ubuntu>.
[    4.807251] systemd[1]: Initializing machine ID from random generator.
[    4.808438] systemd[1]: Installed transient /etc/machine-id file.
[    5.053515] random: nonblocking pool is initialized
[    5.407387] systemd[1]: Listening on /dev/initctl Compatibility Named Pipe.
[[0;32m  OK  [0m] Listening on /dev/initctl Compatibility Named Pipe.
[    5.416758] systemd[1]: Listening on Journal Audit Socket.
[[0;32m  OK  [0m] Listening on Journal Audit Socket.
[    5.424714] systemd[1]: Listening on LVM2 metadata daemon socket.
[[0;32m  OK  [0m] Listening on LVM2 metadata daemon socket.
[    5.426424] systemd[1]: Listening on Device-mapper event daemon FIFOs.
[[0;32m  OK  [0m] Listening on Device-mapper event daemon FIFOs.
[    5.428415] systemd[1]: Created slice System Slice.
[[0;32m  OK  [0m] Created slice System Slice.
[    5.436703] systemd[1]: Listening on udev Kernel Socket.
[[0;32m  OK  [0m] Listening on udev Kernel Socket.
[    5.438298] systemd[1]: Started Trigger resolvconf update for networkd DNS.
[[0;32m  OK  [0m] Started Trigger resolvconf update for networkd DNS.
[    5.444503] systemd[1]: Listening on LVM2 poll daemon socket.
[[0;32m  OK  [0m] Listening on LVM2 poll daemon socket.
[    5.452426] systemd[1]: Listening on Journal Socket (/dev/log).
[[0;32m  OK  [0m] Listening on Journal Socket (/dev/log).
[    5.460373] systemd[1]: Reached target System Time Synchronized.
[[0;32m  OK  [0m] Reached target System Time Synchronized.
[    5.462053] systemd[1]: Listening on Journal Socket.
[[0;32m  OK  [0m] Listening on Journal Socket.
[    5.464173] systemd[1]: Mounting POSIX Message Queue File System...
         Mounting POSIX Message Queue File System...
[    5.472495] systemd[1]: Starting Uncomplicated firewall...
         Starting Uncomplicated firewall...
[    5.481405] systemd[1]: Starting Create list of required static device nodes for the current kernel...
         Starting Create list of required st... nodes for the current kernel...
[    5.489173] systemd[1]: Starting Monitoring of LVM2 mirrors, snapshots etc. using dmeventd or progress polling...
         Starting Monitoring of LVM2 mirrors... dmeventd or progress polling...
[    5.491939] systemd[1]: Created slice system-serial\x2dgetty.slice.
[[0;32m  OK  [0m] Created slice system-serial\x2dgetty.slice.
[    5.494496] systemd[1]: Starting Set console keymap...
         Starting Set console keymap...
[    5.558867] systemd[1]: Starting Load Kernel Modules...
         Starting Load Kernel Modules...
[    5.568065] systemd[1]: Listening on udev Control Socket.
[[0;32m  OK  [0m] Listening on udev Control Socket.
[    5.569631] systemd[1]: Listening on Syslog Socket.
[[0;32m  OK  [0m] Listening on Syslog Socket.
[    5.571475] systemd[1]: Starting Journal Service...
         Starting Journal Service...
[    5.580498] systemd[1]: Reached target Swap.
[[0;32m  OK  [0m] Reached target Swap.
[    5.589027] systemd[1]: Starting Nameserver information manager...
         Starting Nameserver information manager...
[    5.591400] systemd[1]: Set up automount Arbitrary Executable File Formats File System Automount Point.
[[0;32m  OK  [0m] Set up automount Arbitrary Executab...ats File System Automount Point.
[    5.618902] systemd[1]: Started Forward Password Requests to Wall Directory Watch.
[[0;32m  OK  [0m] Started Forward Password Requests to Wall Directory Watch.
[    5.624338] systemd[1]: Created slice User and Session Slice.
[[0;32m  OK  [0m] Created slice User and Session Slice.
[    5.628094] systemd[1]: Reached target Slices.
[[0;32m  OK  [0m] Reached target Slices.
[    5.629979] systemd[1]: Reached target Encrypted Volumes.
[[0;32m  OK  [0m] Reached target Encrypted Volumes.
[    5.632625] systemd[1]: Starting Remount Root and Kernel File Systems...
         Starting Remount Root and Kernel File Systems...
[    5.638790] systemd[1]: Mounting Huge Pages File System...
         Mounting Huge Pages File System...
[    5.640731] systemd[1]: Reached target User and Group Name Lookups.
[[0;32m  OK  [0m] Reached target User and Group Name Lookups.
[    5.644532] systemd[1]: Mounting Debug File System...
         Mounting Debug File System...
[    5.649243] systemd[1]: Mounted Debug File System.
[[0;32m  OK  [0m] Mounted Debug File System.
[    5.656363] systemd[1]: Mounted Huge Pages File System.
[[0;32m  OK  [0m] Mounted Huge Pages File System.
[    5.660219] EXT4-fs (sda1): re-mounted. Opts: (null)
[    5.664223] systemd[1]: Mounted POSIX Message Queue File System.
[[0;32m  OK  [0m] Mounted POSIX Message Queue File System.
[    5.673144] systemd[1]: Started Uncomplicated firewall.
[[0;32m  OK  [0m] Started Uncomplicated firewall.
[    5.682619] Loading iSCSI transport class v2.0-870.
[    5.683930] systemd[1]: Started Create list of required static device nodes for the current kernel.
[[0;32m  OK  [0m] Started Create list of required sta...ce nodes for the current kernel.
[    5.693083] systemd[1]: Started Remount Root and Kernel File Systems.
[[0;32m  OK  [0m] Started Remount Root and Kernel File Systems.
[    5.696724] systemd[1]: Starting Load/Save Random Seed...
         Starting Load/Save Random Seed...
[    5.711445] systemd[1]: Starting udev Coldplug all Devices...
         Starting udev Coldplug all Devices...
[    5.716575] systemd[1]: Starting Create Static Device Nodes in /dev...
         Starting Create Static Device Nodes in /dev...
[    5.725736] systemd[1]: Started Nameserver information manager.
[[0;32m  OK  [0m] Started Nameserver information manager.
[    5.735682] systemd[1]: Started Set console keymap.
[[0;32m  OK  [0m] Started Set console keymap.
[    5.738312] systemd[1]: Started LVM2 metadata daemon.
[[0;32m  OK  [0m] Started LVM2 metadata daemon.
[    5.760550] systemd[1]: Started Load/Save Random Seed.
[[0;32m  OK  [0m] Started Load/Save Random Seed.
[    5.763148] iscsi: registered transport (tcp)
[    5.811729] systemd[1]: Started udev Coldplug all Devices.
[[0;32m  OK  [0m] Started udev Coldplug all Devices.
[    5.877352] systemd[1]: Started Journal Service.
[[0;32m  OK  [0m] Started Journal Service.
         Starting Flush Journal to Persistent Storage...
[    5.966705] systemd-journald[384]: Received request to flush runtime journal from PID 1
[[0;32m  OK  [0m] Started Flush Journal to Persistent Storage.
[    5.995320] iscsi: registered transport (iser)
[[0;32m  OK  [0m] Started Load Kernel Modules.
         Starting Apply Kernel Variables...
         Mounting FUSE Control File System...
[[0;32m  OK  [0m] Mounted FUSE Control File System.
[[0;32m  OK  [0m] Started Apply Kernel Variables.
[[0;32m  OK  [0m] Started Create Static Device Nodes in /dev.
         Starting udev Kernel Device Manager...
[[0;32m  OK  [0m] Started udev Kernel Device Manager.
[[0;32m  OK  [0m] Started Dispatch Password Requests to Console Directory Watch.
[[0;32m  OK  [0m] Started Monitoring of LVM2 mirrors,...ng dmeventd or progress polling.
[[0;32m  OK  [0m] Reached target Local File Systems (Pre).
[[0;32m  OK  [0m] Reached target Local File Systems.
         Starting LSB: AppArmor initialization...
         Starting Tell Plymouth To Write Out Runtime Data...
         Starting Commit a transient machine-id on disk...
         Starting Initial cloud-init job (pre-networking)...
         Starting Create Volatile Files and Directories...
         Starting Set console font and keymap...
[[0;32m  OK  [0m] Started Commit a transient machine-id on disk.
[[0;32m  OK  [0m] Found device /dev/ttyS0.
[[0;32m  OK  [0m] Started Tell Plymouth To Write Out Runtime Data.
[[0;32m  OK  [0m] Started Create Volatile Files and Directories.
         Starting Update UTMP about System Boot/Shutdown...
[[0;32m  OK  [0m] Listening on Load/Save RF Kill Switch Status /dev/rfkill Watch.
[[0;32m  OK  [0m] Started Update UTMP about System Boot/Shutdown.
[[0;32m  OK  [0m] Started Set console font and keymap.
[[0;32m  OK  [0m] Created slice system-getty.slice.
[    9.372918] cloud-init[489]: Cloud-init v. 20.4.1-0ubuntu1~16.04.1 running 'init-local' at Sun, 31 Jan 2021 06:31:33 +0000. Up 8.75 seconds.
[[0;32m  OK  [0m] Started Initial cloud-init job (pre-networking).
[[0;32m  OK  [0m] Reached target Network (Pre).
[[0;32m  OK  [0m] Started LSB: AppArmor initialization.
         Starting Load AppArmor profiles managed internally by snapd...
         Starting Raise network interfaces...
[[0;32m  OK  [0m] Started Load AppArmor profiles managed internally by snapd.
[[0;32m  OK  [0m] Started Raise network interfaces.
         Starting Initial cloud-init job (metadata service crawler)...
[[0;32m  OK  [0m] Reached target Network.
[   11.344147] cloud-init[960]: Cloud-init v. 20.4.1-0ubuntu1~16.04.1 running 'init' at Sun, 31 Jan 2021 06:31:35 +0000. Up 10.26 seconds.
[   11.352403] cloud-init[960]: ci-info: ++++++++++++++++++++++++++++++++++++++Net device info+++++++++++++++++++++++++++++++++++++++
[   11.353827] cloud-init[960]: ci-info: +--------+-------+----------------------------+---------------+--------+-------------------+
[   11.360429] cloud-init[960]: ci-info: | Device |   Up  |          Address           |      Mask     | Scope  |     Hw-Address    |
[   11.361804] cloud-init[960]: ci-info: +--------+-------+----------------------------+---------------+--------+-------------------+
[   11.364604] cloud-init[960]: ci-info: | enp0s3 |  True |         10.0.2.15          | 255.255.255.0 | global | 02:95:c5:cf:8a:88 |
[   11.372422] cloud-init[960]: ci-info: | enp0s3 |  True | fe80::95:c5ff:fecf:8a88/64 |       .       |  link  | 02:95:c5:cf:8a:88 |
[   11.373439] cloud-init[960]: ci-info: | enp0s8 | False |             .              |       .       |   .    | 08:00:27:11:e7:a6 |
[   11.375141] cloud-init[960]: ci-info: |   lo   |  True |         127.0.0.1          |   255.0.0.0   |  host  |         .         |
[   11.380493] cloud-init[960]: ci-info: |   lo   |  True |          ::1/128           |       .       |  host  |         .         |
[   11.382221] cloud-init[960]: ci-info: +--------+-------+----------------------------+---------------+--------+-------------------+
[   11.388549] cloud-init[960]: ci-info: +++++++++++++++++++++++++++Route IPv4 info++++++++++++++++++++++++++++
[   11.390442] cloud-init[960]: ci-info: +-------+-------------+----------+---------------+-----------+-------+
[   11.396250] cloud-init[960]: ci-info: | Route | Destination | Gateway  |    Genmask    | Interface | Flags |
[   11.398094] cloud-init[960]: ci-info: +-------+-------------+----------+---------------+-----------+-------+
[   11.400619] cloud-init[960]: ci-info: |   0   |   0.0.0.0   | 10.0.2.2 |    0.0.0.0    |   enp0s3  |   UG  |
[   11.404521] cloud-init[960]: ci-info: |   1   |   10.0.2.0  | 0.0.0.0  | 255.255.255.0 |   enp0s3  |   U   |
[   11.405951] cloud-init[960]: ci-info: +-------+-------------+----------+---------------+-----------+-------+[[0;32m  OK  [0m] Started Initial cloud-init job (metadata service crawler).
[[0;32m  OK  [0m] Reached target Cloud-config availability.
[[0;32m  OK  [0m] Reached target Network is Online.
         Starting iSCSI initiator daemon (iscsid)...
[[0;32m  OK  [0m] Reached target System Initialization.
[
[   11.416272] cloud-init[960]: ci-info: +++++++++++++++++++Route IPv6 info+++++++++++++++++++
[   11.417372] cloud-init[960]: ci-info: +-------+-------------+---------+-----------+-------+
[   11.418411] cloud-init[960]: ci-info: | Route | Destination | Gateway | Interface | Flags |
[   11.419182] cloud-init[960]: ci-info: +-------+-------------+---------+-----------+-------+
[   11.419915] [0;32m  OK  [0m] Listening on ACPID Listen Socket.
cloud-init[960]: ci-info: |   0   |  fe80::/64  |    ::   |   enp0s3  |   U   |
[   11.428441] cloud-init[960]: ci-info: |   3   |   ff00::/8  |    ::   |   enp0s3  |   U   |
[   11.436298] cloud-init[960]: ci-info: +-------+-------------+---------+-----------+-------+
[   11.437343] cloud-init[960]: Generating public/private rsa key pair.
[   11.438383] cloud-init[960]: Your identification has been saved in /etc/ssh/ssh_host_rsa_key.
[   11.439553] cloud-init[960]: Your public key has been saved in /etc/ssh/ssh_host_rsa_key.pub.
[   11.444122] cloud-init[960]: The key fingerprint is:
[   11.444782] cloud-init[960]: SHA256:1ceEkWKaTNPkG+P9WoqH1k0zVQvZTw/WWRWDseKLRYM root@ubuntu-xenial
[   11.447400] cloud-init[960]: The key's randomart image is:
         Starting LXD - unix socket.
[[0;32m  OK  [0m] Listening on UUID daemon activation socket.
[[0;32m  OK  [0m] Listening on D-Bus System Message Bus Socket.
[[0;32m  OK  [0m] Started Daily apt download activities.
[[0;32m  OK  [0m] Started Daily Cleanup of Temporary Directories.
[[0;32m  OK  [0m] Started Message of the Day.[   11.452269] cloud-init[960]: +---[RSA 2048]----+
[   11.452899] cloud-init[960]: |         o. .=*+B|
[   11.453521] cloud-init[960]: |        o.=.o*+o=|
[   11.454146] cloud-init[960]: |       o E==.o+o=|
[   11.454775] cloud-init[960]: |        +oo=o. .+|
[   11.455400] cloud-init[960]: |        S oo.  . |
[   11.456040] 
         Starting Socket activation for snappy daemon.
cloud-init[960]: |          o ..+  |
[[0;32m  OK  [0m] Started ACPI Events Check.
[[0;32m  OK  [0m] Reached target Paths.
[[0;32m  OK  [0m] Started Daily apt upgrade and clean activities.
[[0;32m  OK  [0m] Reached target Timers.
[[0;32m  OK  [0m] Listening on LXD - unix socket.
[[0;32m  OK  [0m] Listening on Socket activation for snappy daemon.
[[0;32m  OK  [0m] Reached target Sockets.
[[0;32m  OK  [0m] Reached target Basic System.
[   11.458291] cloud-init[960]: |         . + ooo |
[   11.465679] cloud-init[960]: |          o.o+.  |
[   11.466532] cloud-init[960]: |         ...o    |
         Starting System Logging Service...
         Starting /etc/rc.local Compatibility...
[   11.468101] cloud-init[960]: +----[SHA256]-----+
[   11.470232] cloud-init[960]: Generating public/private dsa key pair.
[   11.471656] cloud-init[[0;32m  OK  [0m] Started FUSE filesystem for LXC.
[[0;32m  OK  [0m] Started Deferred execution scheduler.
[960]: Your identification has been saved in /etc/ssh/ssh_host_dsa_key.
[   11.474979] cloud-init[960]: Your public key has been saved in /etc/ssh/ssh_host_dsa_key.pub.
[   11.475962] cloud-init[960]: The key fingerprint is:
[   11.477760] cloud-init[960]: SHA256:EScPQoxgWDmCpKWcn3YLzyftpNK7nSTwHjnAlWNdWGg root@ubuntu-xenial
[   11.480620] cloud-init[960]: The key's randomart image is:
[   11.481553] cloud-init[960]: +---[DSA 1024]----+
[   11.483532] cloud-init[960]: |o+=o +o Bo.      |
[   11.493073] cloud-init[960]: |*++ . +E.*       |
[   11.493933] cloud-init[960]: |o+ . =... .      |
[   11.495438] cloud-init[960]: |  o + .  .       |
[   11.496489] cloud-init[960]: |   O .  S        |
[   11.497323] cloud-init[960]: |  . O +          |
[   11.498755] cloud-init[960]: |    .@ =         |
[   11.499593] cloud-init[960]: |   ...% .        |
[   11.500436] cloud-init[960]: |    .=o+         |
[   11.501277] cloud-init[960]: +----[SHA256]-----+
[   11.502106]          Starting Pollinate to seed the pseudo random number generator...
         Starting LSB: MD monitoring daemon...
         Starting Virtualbox guest utils...
cloud-init[960]: Generating public/private ecdsa key pair.
[   11.510142] cloud-init[960]: Your identification has been saved in /etc/ssh/ssh_host_ecdsa_key.
[[0;32m  OK  [0m] Started ACPI event daemon.
         Starting Accounts Service...
[   11.524497] cloud-init[960]: Your public key has been saved in /etc/ssh/ssh_host_ecdsa_key.pub.
[   11.532890] cloud-init[960]: The key fingerprint is:
[[0;32m  OK  [0m] Started Regular background program processing daemon.
[   11.536127] cloud-init[960]: SHA256:02glrf1jlYkYlXRLbuvCMrkmjFd0m3OmH2Tl4rD/MDc root@ubuntu-xenial
[   11.537128] cloud-init[960]: The key's randomart image is:
[   11.537461] cloud-init[960]: +---[ECDSA 256]---+
[   11.537643] cloud-init[960]: |           .o.o  |
[   11.537976] cloud-init[960]: |         . ..+ . |
[   11.538611] cloud-init[960]: |        . +   + .|
[   11.539240] cloud-init[960]: |         B.o.o * |
[   11.539633] cloud-init[960]: [[0;32m  OK  [0m] Started D-Bus System Message Bus.
|        S.+.ooO .|
[   11.543134] cloud-init[960]: |       . ..++Oo. |
[   11.543975] cloud-init[960]: |       o .+ B=*E.|
[   11.547010] cloud-init[960]: |      . + .=.+ =.|
[   11.547864] cloud-init[960]: |       . o.  .o..|
[   11.548735] cloud-init[960]: +----[SHA256]-----+
[   11.549570] cloud-init[960]: Generating public/private ed25519 key pair.
[   11.551735] cloud-init[960]: Your identification has been saved in /etc/ssh/ssh_host_ed25519_key.
[   11.569643] cloud-init[960]: Your public key has been saved in /etc/ssh/ssh_host_ed25519_key.pub.
[   11.576877] cloud-init[960]: The key fingerprint is:
[   11.577774] cloud-init[960]: SHA256:FnhIVATCNqydcP+ixOzqAEZHpaZaAjJpDrw00EnhdFA root@ubuntu-xenial
[   11.579033] cloud-init[960]: The key's randomart image is:
[   11.584252] cloud-init[960]: +--[ED25519 256]--+
[   11.592443] cloud-init[960]: |.o=OEo++o        |
[   11.600236] cloud-init[960]: |o+=.Bo o         |
[   11.602199] cloud-init[960]: |**.X +o o        |
[   11.603046] cloud-init[960]: |O.B o .. .       |
[   11.603878] cloud-init[960]: |o=.o   .S        |
[   11.604742] cloud-init[960]: |+o  + ...        |
[   11.605590] cloud-init[960]: |o  o . .         |
[   11.606427] cloud-init[960]: | .  o            |
[   11.607255] cloud-init[960]: | .o.             |
[   11.608108] cloud-init[960]: +----[SHA256]-----+
         Starting Snap Daemon...
         Starting LSB: Record successful boot for GRUB...
         Starting Login Service...
         Starting LXD - container startup/shutdown...
[[0;32m  OK  [0m] Started System Logging Service.
[[0;32m  OK  [0m] Started /etc/rc.local Compatibility.
[[0;32m  OK  [0m] Started iSCSI initiator daemon (iscsid).
[[0;32m  OK  [0m] Started LSB: MD monitoring daemon.
         Starting Login to default iSCSI targets...
[[0;32m  OK  [0m] Started Login Service.
[[0;32m  OK  [0m] Started Unattended Upgrades Shutdown.
[[0;32m  OK  [0m] Started LSB: Record successful boot for GRUB.
         Starting Authenticate and Authorize Users to Run Privileged Tasks...
[[0;32m  OK  [0m] Started Login to default iSCSI targets.
[[0;32m  OK  [0m] Reached target Remote File Systems (Pre).
[[0;32m  OK  [0m] Reached target Remote File Systems.
         Starting Permit User Sessions...
         Starting LSB: daemon to balance interrupts for SMP systems...
         Starting LSB: Set the CPU Frequency Scaling governor to "ondemand"...
         Starting LSB: automatic crash report generation...
[[0;32m  OK  [0m] Started LSB: Set the CPU Frequency Scaling governor to "ondemand".
[[0;32m  OK  [0m] Started LSB: automatic crash report generation.
[[0;32m  OK  [0m] Started Authenticate and Authorize Users to Run Privileged Tasks.
[[0;32m  OK  [0m] Started Accounts Service.
[[0;32m  OK  [0m] Started LSB: daemon to balance interrupts for SMP systems.
[[0;32m  OK  [0m] Started Permit User Sessions.
         Starting Terminate Plymouth Boot Screen...
         Starting Hold until boot process finishes up...
[[0;32m  OK  [0m] Started Hold until boot process finishes up.
[[0;32m  OK  [0m] Started Terminate Plymouth Boot Screen.
[[0;32m  OK  [0m] Started Getty on tty1.
         Starting Set console scheme...
[[0;32m  OK  [0m] Started Serial Getty on ttyS0.
[[0;32m  OK  [0m] Reached target Login Prompts.
[[0;32m  OK  [0m] Started Virtualbox guest utils.
[[0;32m  OK  [0m] Started Set console scheme.
[[0;32m  OK  [0m] Started LXD - container startup/shutdown.
[[0;32m  OK  [0m] Started Snap Daemon.
         Starting Wait until snapd is fully seeded...
[[0;32m  OK  [0m] Started Pollinate to seed the pseudo random number generator.
         Starting OpenBSD Secure Shell server...
[[0;32m  OK  [0m] Started OpenBSD Secure Shell server.
[[0;32m  OK  [0m] Created slice User Slice of vagrant.
         Starting User Manager for UID 1000...
[[0;32m  OK  [0m] Started Session 1 of user vagrant.
[[0;32m  OK  [0m] Started User Manager for UID 1000.

Ubuntu 16.04.7 LTS ubuntu-xenial ttyS0

ubuntu-xenial login: [   19.071960] cloud-init[1531]: Generating locales (this might take a while)...
[   20.278925] cloud-init[1531]:   en_US.UTF-8... done
[   20.279775] cloud-init[1531]: Generation complete.
[   20.960131] cloud-init[1531]: Cloud-init v. 20.4.1-0ubuntu1~16.04.1 running 'modules:config' at Sun, 31 Jan 2021 06:31:43 +0000. Up 18.88 seconds.
ci-info: no authorized SSH keys fingerprints found for user ubuntu.
<14>Jan 31 06:31:46 ec2: 
<14>Jan 31 06:31:46 ec2: #############################################################
<14>Jan 31 06:31:46 ec2: -----BEGIN SSH HOST KEY FINGERPRINTS-----
<14>Jan 31 06:31:46 ec2: 1024 SHA256:EScPQoxgWDmCpKWcn3YLzyftpNK7nSTwHjnAlWNdWGg root@ubuntu-xenial (DSA)
<14>Jan 31 06:31:46 ec2: 256 SHA256:02glrf1jlYkYlXRLbuvCMrkmjFd0m3OmH2Tl4rD/MDc root@ubuntu-xenial (ECDSA)
<14>Jan 31 06:31:46 ec2: 256 SHA256:FnhIVATCNqydcP+ixOzqAEZHpaZaAjJpDrw00EnhdFA root@ubuntu-xenial (ED25519)
<14>Jan 31 06:31:46 ec2: 2048 SHA256:1ceEkWKaTNPkG+P9WoqH1k0zVQvZTw/WWRWDseKLRYM root@ubuntu-xenial (RSA)
<14>Jan 31 06:31:46 ec2: -----END SSH HOST KEY FINGERPRINTS-----
<14>Jan 31 06:31:46 ec2: #############################################################
-----BEGIN SSH HOST KEY KEYS-----
ecdsa-sha2-nistp256 AAAAE2VjZHNhLXNoYTItbmlzdHAyNTYAAAAIbmlzdHAyNTYAAABBBIjR/9yA1CNtPL94kVTlmY9MCnVB+1sWsGVzm3BDyj3ZolpGQbntw1kuCnfByh619P3IdkMELCknTAjbs1Vq4cc= root@ubuntu-xenial
ssh-ed25519 AAAAC3NzaC1lZDI1NTE5AAAAIIdE8U8HS/S2G0TcTLfV/VQHPfaeKjk+2AcWQgF7mTMu root@ubuntu-xenial
ssh-rsa AAAAB3NzaC1yc2EAAAADAQABAAABAQDMYkLkgzawECHcdIjmeUOUxpJKhopd07r2wtXldvP6FnuLK3Ybuok8E7pTQvRXhhM3ids4HTFUzF+uQx1MYsV9n8Yju4Z/y5c3pZ9rO2o9BqbyZmM/DzSswmcY8SEMzL8OnlfFik8RTFtsImtdNJPEpcDTne3U01Mzdccnl/kJdR+pbrmN599M28eb4/XvDbcEjuSoRakcKad4psGX+tdp9k5YAkQTKbtz9/rB1Bg7t5xBdp+lH3XYU1WEcNlO5Pqt1nO/QJ+cP18maGsO31OKDGRooLZZk8qfSu654ZtEOGbM37te8sm8OcOX/Q32re57ZEEqhBFSV0vokp+dDA9d root@ubuntu-xenial
-----END SSH HOST KEY KEYS-----
[   21.723579] cloud-init[1792]: Cloud-init v. 20.4.1-0ubuntu1~16.04.1 running 'modules:final' at Sun, 31 Jan 2021 06:31:46 +0000. Up 21.39 seconds.
[   21.724261] cloud-init[1792]: ci-info: no authorized SSH keys fingerprints found for user ubuntu.
[   21.725083] cloud-init[1792]: Cloud-init v. 20.4.1-0ubuntu1~16.04.1 finished at Sun, 31 Jan 2021 06:31:46 +0000. Datasource DataSourceNoCloud [seed=/dev/sdb][dsmode=net].  Up 21.71 seconds
