[    0.000000] Initializing cgroup subsys cpuset
[    0.000000] Initializing cgroup subsys cpu
[    0.000000] Initializing cgroup subsys cpuacct
[    0.000000] Linux version 4.4.0-200-generic (buildd@lgw01-amd64-032) (gcc version 5.4.0 20160609 (Ubuntu 5.4.0-6ubuntu1~16.04.12) ) #232-Ubuntu SMP Wed Jan 13 10:18:39 UTC 2021 (Ubuntu 4.4.0-200.232-generic 4.4.244)
[    0.000000] Command line: BOOT_IMAGE=/boot/vmlinuz-4.4.0-200-generic root=LABEL=cloudimg-rootfs ro console=tty1 console=ttyS0
[    0.000000] KERNEL supported cpus:
[    0.000000]   Intel GenuineIntel
[    0.000000]   AMD AuthenticAMD
[    0.000000]   Centaur CentaurHauls
[    0.000000] x86/fpu: xstate_offset[2]:  576, xstate_sizes[2]:  256
[    0.000000] x86/fpu: Supporting XSAVE feature 0x01: 'x87 floating point registers'
[    0.000000] x86/fpu: Supporting XSAVE feature 0x02: 'SSE registers'
[    0.000000] x86/fpu: Supporting XSAVE feature 0x04: 'AVX registers'
[    0.000000] x86/fpu: Enabled xstate features 0x7, context size is 832 bytes, using 'standard' format.
[    0.000000] e820: BIOS-provided physical RAM map:
[    0.000000] BIOS-e820: [mem 0x0000000000000000-0x000000000009fbff] usable
[    0.000000] BIOS-e820: [mem 0x000000000009fc00-0x000000000009ffff] reserved
[    0.000000] BIOS-e820: [mem 0x00000000000f0000-0x00000000000fffff] reserved
[    0.000000] BIOS-e820: [mem 0x0000000000100000-0x000000007ffeffff] usable
[    0.000000] BIOS-e820: [mem 0x000000007fff0000-0x000000007fffffff] ACPI data
[    0.000000] BIOS-e820: [mem 0x00000000fec00000-0x00000000fec00fff] reserved
[    0.000000] BIOS-e820: [mem 0x00000000fee00000-0x00000000fee00fff] reserved
[    0.000000] BIOS-e820: [mem 0x00000000fffc0000-0x00000000ffffffff] reserved
[    0.000000] NX (Execute Disable) protection: active
[    0.000000] SMBIOS 2.5 present.
[    0.000000] Hypervisor detected: KVM
[    0.000000] e820: last_pfn = 0x7fff0 max_arch_pfn = 0x400000000
[    0.000000] MTRR: Disabled
[    0.000000] x86/PAT: MTRRs disabled, skipping PAT initialization too.
[    0.000000] CPU MTRRs all blank - virtualized system.
[    0.000000] x86/PAT: Configuration [0-7]: WB  WT  UC- UC  WB  WT  UC- UC  
[    0.000000] found SMP MP-table at [mem 0x0009fff0-0x0009ffff] mapped at [ffff88000009fff0]
[    0.000000] Scanning 1 areas for low memory corruption
[    0.000000] RAMDISK: [mem 0x362de000-0x37166fff]
[    0.000000] ACPI: Early table checksum verification disabled
[    0.000000] ACPI: RSDP 0x00000000000E0000 000024 (v02 VBOX  )
[    0.000000] ACPI: XSDT 0x000000007FFF0030 00003C (v01 VBOX   VBOXXSDT 00000001 ASL  00000061)
[    0.000000] ACPI: FACP 0x000000007FFF00F0 0000F4 (v04 VBOX   VBOXFACP 00000001 ASL  00000061)
[    0.000000] ACPI: DSDT 0x000000007FFF0470 002325 (v02 VBOX   VBOXBIOS 00000002 INTL 20100528)
[    0.000000] ACPI: FACS 0x000000007FFF0200 000040
[    0.000000] ACPI: FACS 0x000000007FFF0200 000040
[    0.000000] ACPI: APIC 0x000000007FFF0240 00005C (v02 VBOX   VBOXAPIC 00000001 ASL  00000061)
[    0.000000] ACPI: SSDT 0x000000007FFF02A0 0001CC (v01 VBOX   VBOXCPUT 00000002 INTL 20100528)
[    0.000000] No NUMA configuration found
[    0.000000] Faking a node at [mem 0x0000000000000000-0x000000007ffeffff]
[    0.000000] NODE_DATA(0) allocated [mem 0x7ffeb000-0x7ffeffff]
[    0.000000] kvm-clock: Using msrs 4b564d01 and 4b564d00
[    0.000000] kvm-clock: cpu 0, msr 0:7ffe3001, primary cpu clock
[    0.000000] kvm-clock: using sched offset of 4166546563 cycles
[    0.000000] clocksource: kvm-clock: mask: 0xffffffffffffffff max_cycles: 0x1cd42e4dffb, max_idle_ns: 881590591483 ns
[    0.000000] Zone ranges:
[    0.000000]   DMA      [mem 0x0000000000001000-0x0000000000ffffff]
[    0.000000]   DMA32    [mem 0x0000000001000000-0x000000007ffeffff]
[    0.000000]   Normal   empty
[    0.000000]   Device   empty
[    0.000000] Movable zone start for each node
[    0.000000] Early memory node ranges
[    0.000000]   node   0: [mem 0x0000000000001000-0x000000000009efff]
[    0.000000]   node   0: [mem 0x0000000000100000-0x000000007ffeffff]
[    0.000000] Initmem setup node 0 [mem 0x0000000000001000-0x000000007ffeffff]
[    0.000000] ACPI: PM-Timer IO Port: 0x4008
[    0.000000] IOAPIC[0]: apic_id 2, version 32, address 0xfec00000, GSI 0-23
[    0.000000] ACPI: INT_SRC_OVR (bus 0 bus_irq 0 global_irq 2 dfl dfl)
[    0.000000] ACPI: INT_SRC_OVR (bus 0 bus_irq 9 global_irq 9 low level)
[    0.000000] Using ACPI (MADT) for SMP configuration information
[    0.000000] smpboot: Allowing 2 CPUs, 0 hotplug CPUs
[    0.000000] PM: Registered nosave memory: [mem 0x00000000-0x00000fff]
[    0.000000] PM: Registered nosave memory: [mem 0x0009f000-0x0009ffff]
[    0.000000] PM: Registered nosave memory: [mem 0x000a0000-0x000effff]
[    0.000000] PM: Registered nosave memory: [mem 0x000f0000-0x000fffff]
[    0.000000] e820: [mem 0x80000000-0xfebfffff] available for PCI devices
[    0.000000] Booting paravirtualized kernel on KVM
[    0.000000] clocksource: refined-jiffies: mask: 0xffffffff max_cycles: 0xffffffff, max_idle_ns: 7645519600211568 ns
[    0.000000] setup_percpu: NR_CPUS:512 nr_cpumask_bits:512 nr_cpu_ids:2 nr_node_ids:1
[    0.000000] PERCPU: Embedded 33 pages/cpu @ffff88007fc00000 s95640 r8192 d31336 u1048576
[    0.000000] Built 1 zonelists in Node order, mobility grouping on.  Total pages: 515960
[    0.000000] Policy zone: DMA32
[    0.000000] Kernel command line: BOOT_IMAGE=/boot/vmlinuz-4.4.0-200-generic root=LABEL=cloudimg-rootfs ro console=tty1 console=ttyS0
[    0.000000] PID hash table entries: 4096 (order: 3, 32768 bytes)
[    0.000000] Memory: 2029852K/2096696K available (8641K kernel code, 1337K rwdata, 4044K rodata, 1492K init, 1296K bss, 66844K reserved, 0K cma-reserved)
[    0.000000] SLUB: HWalign=64, Order=0-3, MinObjects=0, CPUs=2, Nodes=1
[    0.000000] Kernel/User page tables isolation: enabled
[    0.000000] Hierarchical RCU implementation.
[    0.000000] 	Build-time adjustment of leaf fanout to 64.
[    0.000000] 	RCU restricting CPUs from NR_CPUS=512 to nr_cpu_ids=2.
[    0.000000] RCU: Adjusting geometry for rcu_fanout_leaf=64, nr_cpu_ids=2
[    0.000000] NR_IRQS:33024 nr_irqs:440 16
[    0.000000] Console: colour VGA+ 80x25
[    0.000000] console [tty1] enabled
[    0.000000] console [ttyS0] enabled
[    0.000000] tsc: Detected 2904.000 MHz processor
[    0.240800] Calibrating delay loop (skipped) preset value.. 5808.00 BogoMIPS (lpj=11616000)
[    0.242696] pid_max: default: 32768 minimum: 301
[    0.243699] ACPI: Core revision 20150930
[    0.246490] ACPI: 2 ACPI AML tables successfully acquired and loaded
[    0.248261] Security Framework initialized
[    0.249165] Yama: becoming mindful.
[    0.250013] AppArmor: AppArmor initialized
[    0.260751] Dentry cache hash table entries: 262144 (order: 9, 2097152 bytes)
[    0.262710] Inode-cache hash table entries: 131072 (order: 8, 1048576 bytes)
[    0.273096] Mount-cache hash table entries: 4096 (order: 3, 32768 bytes)
[    0.274511] Mountpoint-cache hash table entries: 4096 (order: 3, 32768 bytes)
[    0.276086] Initializing cgroup subsys io
[    0.276999] Initializing cgroup subsys memory
[    0.278030] Initializing cgroup subsys devices
[    0.278990] Initializing cgroup subsys freezer
[    0.280268] Initializing cgroup subsys net_cls
[    0.281341] Initializing cgroup subsys perf_event
[    0.282386] Initializing cgroup subsys net_prio
[    0.283367] Initializing cgroup subsys hugetlb
[    0.284381] Initializing cgroup subsys pids
[    0.286248] mce: CPU supports 0 MCE banks
[    0.287166] Last level iTLB entries: 4KB 128, 2MB 8, 4MB 8
[    0.288351] Last level dTLB entries: 4KB 64, 2MB 0, 4MB 0, 1GB 4
[    0.289549] Spectre V1 : Mitigation: usercopy/swapgs barriers and __user pointer sanitization
[    0.291678] Spectre V2 : Mitigation: Full generic retpoline
[    0.292860] Spectre V2 : Spectre v2 / SpectreRSB mitigation: Filling RSB on context switch
[    0.294680] Speculative Store Bypass: Vulnerable
[    0.295736] SRBDS: Unknown: Dependent on hypervisor status
[    0.297216] MDS: Vulnerable: Clear CPU buffers attempted, no microcode
[    0.301408] Freeing SMP alternatives memory: 36K
[    0.308283] ftrace: allocating 32360 entries in 127 pages
[    0.366876] smpboot: APIC(0) Converting physical 0 to logical package 0
[    0.368246] smpboot: Max logical packages: 1
[    0.369491] x2apic enabled
[    0.370466] Switched APIC routing to physical x2apic.
[    0.372802] ..TIMER: vector=0x30 apic1=0 pin1=2 apic2=-1 pin2=-1
[    0.482106] smpboot: CPU0: Intel(R) Core(TM) i5-9400F CPU @ 2.90GHz (family: 0x6, model: 0x9e, stepping: 0xa)
[    0.484307] Performance Events: unsupported p6 CPU model 158 no PMU driver, software events only.
[    0.494505] KVM setup paravirtual spinlock
[    0.505875] x86: Booting SMP configuration:
[    0.506956] .... node  #0, CPUs:      #1
[    0.508003] kvm-clock: cpu 1, msr 0:7ffe3041, secondary cpu clock
[    0.509641] mce: CPU supports 0 MCE banks
[    0.512145] x86: Booted up 1 node, 2 CPUs
[    0.513207] smpboot: Total of 2 processors activated (11616.00 BogoMIPS)
[    0.515025] devtmpfs: initialized
[    0.517445] evm: security.selinux
[    0.518313] evm: security.SMACK64
[    0.519084] evm: security.SMACK64EXEC
[    0.519908] evm: security.SMACK64TRANSMUTE
[    0.520800] evm: security.SMACK64MMAP
[    0.521629] evm: security.ima
[    0.522385] evm: security.capability
[    0.523394] clocksource: jiffies: mask: 0xffffffff max_cycles: 0xffffffff, max_idle_ns: 7645041785100000 ns
[    0.525488] futex hash table entries: 512 (order: 3, 32768 bytes)
[    0.526831] pinctrl core: initialized pinctrl subsystem
[    0.528013] RTC time:  6:08:42, date: 01/31/21
[    0.529100] NET: Registered protocol family 16
[    0.542686] cpuidle: using governor ladder
[    0.555385] cpuidle: using governor menu
[    0.556308] PCCT header not found.
[    0.557180] ACPI: bus type PCI registered
[    0.558075] acpiphp: ACPI Hot Plug PCI Controller Driver version: 0.5
[    0.559466] PCI: Using configuration type 1 for base access
[    0.572964] ACPI: Added _OSI(Module Device)
[    0.573909] ACPI: Added _OSI(Processor Device)
[    0.574895] ACPI: Added _OSI(3.0 _SCP Extensions)
[    0.575902] ACPI: Added _OSI(Processor Aggregator Device)
[    0.577652] ACPI: Executed 1 blocks of module-level executable AML code
[    0.581332] ACPI: Interpreter enabled
[    0.582237] ACPI: (supports S0 S5)
[    0.583128] ACPI: Using IOAPIC for interrupt routing
[    0.584310] PCI: Using host bridge windows from ACPI; if necessary, use "pci=nocrs" and report a bug
[    0.589637] ACPI: PCI Root Bridge [PCI0] (domain 0000 [bus 00-ff])
[    0.590856] acpi PNP0A03:00: _OSC: OS supports [ASPM ClockPM Segments MSI]
[    0.592519] acpi PNP0A03:00: _OSC: not requesting OS control; OS requires [ExtendedConfig ASPM ClockPM MSI]
[    0.594484] acpi PNP0A03:00: fail to add MMCONFIG information, can't access extended PCI configuration space under this bridge.
[    0.597238] PCI host bridge to bus 0000:00
[    0.598308] pci_bus 0000:00: root bus resource [io  0x0000-0x0cf7 window]
[    0.599687] pci_bus 0000:00: root bus resource [io  0x0d00-0xffff window]
[    0.600995] pci_bus 0000:00: root bus resource [mem 0x000a0000-0x000bffff window]
[    0.602735] pci_bus 0000:00: root bus resource [mem 0x80000000-0xfdffffff window]
[    0.604407] pci_bus 0000:00: root bus resource [bus 00-ff]
[    0.607204] pci 0000:00:01.1: legacy IDE quirk: reg 0x10: [io  0x01f0-0x01f7]
[    0.608550] pci 0000:00:01.1: legacy IDE quirk: reg 0x14: [io  0x03f6]
[    0.609808] pci 0000:00:01.1: legacy IDE quirk: reg 0x18: [io  0x0170-0x0177]
[    0.622533] pci 0000:00:01.1: legacy IDE quirk: reg 0x1c: [io  0x0376]
[    0.639202] pci 0000:00:07.0: quirk: [io  0x4000-0x403f] claimed by PIIX4 ACPI
[    0.640908] pci 0000:00:07.0: quirk: [io  0x4100-0x410f] claimed by PIIX4 SMB
[    0.652389] ACPI: PCI Interrupt Link [LNKA] (IRQs 5 9 10 *11)
[    0.654336] ACPI: PCI Interrupt Link [LNKB] (IRQs 5 9 *10 11)
[    0.656142] ACPI: PCI Interrupt Link [LNKC] (IRQs 5 *9 10 11)
[    0.657890] ACPI: PCI Interrupt Link [LNKD] (IRQs 5 9 10 *11)
[    0.659433] ACPI: Enabled 2 GPEs in block 00 to 07
[    0.660667] vgaarb: setting as boot device: PCI:0000:00:02.0
[    0.661762] vgaarb: device added: PCI:0000:00:02.0,decodes=io+mem,owns=io+mem,locks=none
[    0.663623] vgaarb: loaded
[    0.664294] vgaarb: bridge control possible 0000:00:02.0
[    0.665527] SCSI subsystem initialized
[    0.666463] ACPI: bus type USB registered
[    0.667363] usbcore: registered new interface driver usbfs
[    0.668426] usbcore: registered new interface driver hub
[    0.669476] usbcore: registered new device driver usb
[    0.670700] PCI: Using ACPI for IRQ routing
[    0.671854] NetLabel: Initializing
[    0.672625] NetLabel:  domain hash size = 128
[    0.673532] NetLabel:  protocols = UNLABELED CIPSOv4
[    0.674528] NetLabel:  unlabeled traffic allowed by default
[    0.675752] amd_nb: Cannot enumerate AMD northbridges
[    0.676809] clocksource: Switched to clocksource kvm-clock
[    0.722078] AppArmor: AppArmor Filesystem Enabled
[    0.723152] pnp: PnP ACPI init
[    0.724641] pnp: PnP ACPI: found 3 devices
[    0.745079] clocksource: acpi_pm: mask: 0xffffff max_cycles: 0xffffff, max_idle_ns: 2085701024 ns
[    0.747222] NET: Registered protocol family 2
[    0.748346] TCP established hash table entries: 16384 (order: 5, 131072 bytes)
[    0.750079] TCP bind hash table entries: 16384 (order: 6, 262144 bytes)
[    0.751390] TCP: Hash tables configured (established 16384 bind 16384)
[    0.752683] UDP hash table entries: 1024 (order: 3, 32768 bytes)
[    0.753940] UDP-Lite hash table entries: 1024 (order: 3, 32768 bytes)
[    0.755272] NET: Registered protocol family 1
[    0.756222] pci 0000:00:00.0: Limiting direct PCI/PCI transfers
[    0.757522] pci 0000:00:01.0: Activating ISA DMA hang workarounds
[    0.758831] Unpacking initramfs...
[    1.141105] Freeing initrd memory: 14884K
[    1.142094] clocksource: tsc: mask: 0xffffffffffffffff max_cycles: 0x29dc05e54fc, max_idle_ns: 440795291716 ns
[    1.144129] platform rtc_cmos: registered platform RTC device (no PNP device found)
[    1.145937] Scanning for low memory corruption every 60 seconds
[    1.147618] audit: initializing netlink subsys (disabled)
[    1.148938] audit: type=2000 audit(1612073328.580:1): initialized
[    1.150324] Initialise system trusted keyring
[    1.151509] HugeTLB registered 2 MB page size, pre-allocated 0 pages
[    1.153895] zbud: loaded
[    1.154929] VFS: Disk quotas dquot_6.6.0
[    1.155838] VFS: Dquot-cache hash table entries: 512 (order 0, 4096 bytes)
[    1.157371] squashfs: version 4.0 (2009/01/31) Phillip Lougher
[    1.158879] fuse init (API version 7.23)
[    1.159948] Key type big_key registered
[    1.160848] Allocating IMA MOK and blacklist keyrings.
[    1.164159] Key type asymmetric registered
[    1.165067] Asymmetric key parser 'x509' registered
[    1.166239] Block layer SCSI generic (bsg) driver version 0.4 loaded (major 249)
[    1.167951] io scheduler noop registered
[    1.168838] io scheduler deadline registered (default)
[    1.170014] io scheduler cfq registered
[    1.171001] pci_hotplug: PCI Hot Plug PCI Core version: 0.5
[    1.172131] pciehp: PCI Express Hot Plug Controller Driver version: 0.4
[    1.173627] ACPI: AC Adapter [AC] (on-line)
[    1.174602] input: Power Button as /devices/LNXSYSTM:00/LNXPWRBN:00/input/input0
[    1.176243] ACPI: Power Button [PWRF]
[    1.177214] input: Sleep Button as /devices/LNXSYSTM:00/LNXSLPBN:00/input/input1
[    1.178907] ACPI: Sleep Button [SLPF]
[    1.180149] GHES: HEST is not enabled!
[    1.181214] Serial: 8250/16550 driver, 32 ports, IRQ sharing enabled
[    1.203024] 00:02: ttyS0 at I/O 0x3f8 (irq = 4, base_baud = 115200) is a 16550A
[    1.207492] Linux agpgart interface v0.103
[    1.222994] loop: module loaded
[    1.224460] scsi host0: ata_piix
[    1.225391] scsi host1: ata_piix
[    1.226248] ata1: PATA max UDMA/33 cmd 0x1f0 ctl 0x3f6 bmdma 0xd000 irq 14
[    1.227757] ata2: PATA max UDMA/33 cmd 0x170 ctl 0x376 bmdma 0xd008 irq 15
[    1.229128] libphy: Fixed MDIO Bus: probed
[    1.230136] tun: Universal TUN/TAP device driver, 1.6
[    1.231179] tun: (C) 1999-2004 Max Krasnyansky <maxk@qualcomm.com>
[    1.232476] PPP generic driver version 2.4.2
[    1.233527] ehci_hcd: USB 2.0 'Enhanced' Host Controller (EHCI) Driver
[    1.234760] ehci-pci: EHCI PCI platform driver
[    1.235677] ehci-platform: EHCI generic platform driver
[    1.236721] ohci_hcd: USB 1.1 'Open' Host Controller (OHCI) Driver
[    1.237941] ohci-pci: OHCI PCI platform driver
[    1.239028] ohci-platform: OHCI generic platform driver
[    1.240051] uhci_hcd: USB Universal Host Controller Interface driver
[    1.241330] i8042: PNP: PS/2 Controller [PNP0303:PS2K,PNP0f03:PS2M] at 0x60,0x64 irq 1,12
[    1.243553] serio: i8042 KBD port at 0x60,0x64 irq 1
[    1.244587] serio: i8042 AUX port at 0x60,0x64 irq 12
[    1.245988] mousedev: PS/2 mouse device common for all mice
[    1.247868] input: AT Translated Set 2 keyboard as /devices/platform/i8042/serio0/input/input2
[    1.250142] rtc_cmos rtc_cmos: rtc core: registered rtc_cmos as rtc0
[    1.251481] rtc_cmos rtc_cmos: alarms up to one day, 114 bytes nvram
[    1.252753] i2c /dev entries driver
[    1.253678] device-mapper: uevent: version 1.0.3
[    1.254730] device-mapper: ioctl: 4.34.0-ioctl (2015-10-28) initialised: dm-devel@redhat.com
[    1.256549] ledtrig-cpu: registered to indicate activity on CPUs
[    1.258391] NET: Registered protocol family 10
[    1.259576] NET: Registered protocol family 17
[    1.260595] Key type dns_resolver registered
[    1.262186] registered taskstats version 1
[    1.263116] Loading compiled-in X.509 certificates
[    1.264953] Loaded X.509 cert 'Build time autogenerated kernel key: d37465c24ef3fae6c7088e8c56d8ac7755b77486'
[    1.267076] zswap: loaded using pool lzo/zbud
[    1.269719] Key type trusted registered
[    1.273619] Key type encrypted registered
[    1.274596] AppArmor: AppArmor sha1 policy hashing enabled
[    1.275715] ima: No TPM chip found, activating TPM-bypass!
[    1.276835] ima: Allocated hash algorithm: sha1
[    1.277850] evm: HMAC attrs: 0x1
[    1.279043]   Magic number: 5:996:115
[    1.280218] rtc_cmos rtc_cmos: setting system clock to 2021-01-31 06:08:43 UTC (1612073323)
[    1.282300] BIOS EDD facility v0.16 2004-Jun-25, 0 devices found
[    1.283537] EDD information not available.
[    1.408747] Freeing unused kernel memory: 1492K
[    1.409765] Write protecting the kernel read-only data: 14336k
[    1.411300] Freeing unused kernel memory: 1588K
[    1.412425] Freeing unused kernel memory: 52K
Loading, please wait...
starting version 229
[    1.424430] random: systemd-udevd: uninitialized urandom read (16 bytes read, 3 bits of entropy available)
[    1.424788] random: udevadm: uninitialized urandom read (16 bytes read, 3 bits of entropy available)
[    1.424802] random: udevadm: uninitialized urandom read (16 bytes read, 3 bits of entropy available)
[    1.430495] random: systemd-udevd: uninitialized urandom read (16 bytes read, 3 bits of entropy available)
[    1.431459] random: udevadm: uninitialized urandom read (16 bytes read, 3 bits of entropy available)
[    1.431490] random: udevadm: uninitialized urandom read (16 bytes read, 3 bits of entropy available)
[    1.431599] random: udevadm: uninitialized urandom read (16 bytes read, 3 bits of entropy available)
[    1.431638] random: udevadm: uninitialized urandom read (16 bytes read, 3 bits of entropy available)
[    1.431678] random: udevadm: uninitialized urandom read (16 bytes read, 3 bits of entropy available)
[    1.431718] random: udevadm: uninitialized urandom read (16 bytes read, 3 bits of entropy available)
[    1.469997] e1000: Intel(R) PRO/1000 Network Driver - version 7.3.21-k8-NAPI
[    1.471386] e1000: Copyright (c) 1999-2006 Intel Corporation.
[    1.474168] Fusion MPT base driver 3.04.20
[    1.475058] Copyright (c) 1999-2008 LSI Corporation
[    1.479657] Fusion MPT SPI Host driver 3.04.20
[    1.487208] AVX2 version of gcm_enc/dec engaged.
[    1.488197] AES CTR mode by8 optimization enabled
[    1.678158] input: ImExPS/2 Generic Explorer Mouse as /devices/platform/i8042/serio1/input/input4
[    1.839298] e1000 0000:00:03.0 eth0: (PCI:33MHz:32-bit) 02:95:c5:cf:8a:88
[    1.840574] e1000 0000:00:03.0 eth0: Intel(R) PRO/1000 Network Connection
[    1.842491] mptbase: ioc0: Initiating bringup
[    1.905573] ioc0: LSI53C1030 A0: Capabilities={Initiator}
[    2.067713] scsi host2: ioc0: LSI53C1030 A0, FwRev=00000000h, Ports=1, MaxQ=256, IRQ=20
[    2.181280] scsi 2:0:0:0: Direct-Access     VBOX     HARDDISK         1.0  PQ: 0 ANSI: 5
[    2.183051] scsi target2:0:0: Beginning Domain Validation
[    2.185787] scsi target2:0:0: Domain Validation skipping write tests
[    2.187032] scsi target2:0:0: Ending Domain Validation
[    2.188081] scsi target2:0:0: asynchronous
[    2.189545] scsi 2:0:1:0: Direct-Access     VBOX     HARDDISK         1.0  PQ: 0 ANSI: 5
[    2.191292] scsi target2:0:1: Beginning Domain Validation
[    2.193207] scsi target2:0:1: Domain Validation skipping write tests
[    2.194452] scsi target2:0:1: Ending Domain Validation
[    2.195505] scsi target2:0:1: asynchronous
[    2.225579] sd 2:0:0:0: Attached scsi generic sg0 type 0
[    2.227140] sd 2:0:1:0: Attached scsi generic sg1 type 0
[    2.228504] sd 2:0:1:0: [sdb] 20480 512-byte logical blocks: (10.5 MB/10.0 MiB)
[    2.230537] sd 2:0:0:0: [sda] 20971520 512-byte logical blocks: (10.7 GB/10.0 GiB)
[    2.232645] sd 2:0:0:0: [sda] Write Protect is off
[    2.233796] sd 2:0:1:0: [sdb] Write Protect is off
[    2.235028] sd 2:0:0:0: [sda] Incomplete mode parameter data
[    2.236224] sd 2:0:0:0: [sda] Assuming drive cache: write through
[    2.237635] sd 2:0:1:0: [sdb] Incomplete mode parameter data
[    2.238914] sd 2:0:1:0: [sdb] Assuming drive cache: write through
[    2.241930]  sda: sda1
[    2.243544] sd 2:0:0:0: [sda] Attached SCSI disk
[    2.256364] sd 2:0:1:0: [sdb] Attached SCSI disk
[    2.561280] e1000 0000:00:08.0 eth1: (PCI:33MHz:32-bit) 08:00:27:a8:b8:59
[    2.562645] e1000 0000:00:08.0 eth1: Intel(R) PRO/1000 Network Connection
[    2.564794] e1000 0000:00:03.0 enp0s3: renamed from eth0
[    2.577552] e1000 0000:00:08.0 enp0s8: renamed from eth1
Begin: Loading essential drivers ... [    3.959158] md: linear personality registered for level -1
[    3.962137] md: multipath personality registered for level -4
[    3.965286] md: raid0 personality registered for level 0
[    3.968998] md: raid1 personality registered for level 1
[    4.040973] raid6: sse2x1   gen() 13522 MB/s
[    4.109272] raid6: sse2x1   xor() 10216 MB/s
[    4.177601] raid6: sse2x2   gen() 17293 MB/s
[    4.244934] raid6: sse2x2   xor() 11511 MB/s
[    4.313255] raid6: sse2x4   gen() 19459 MB/s
[    4.381559] raid6: sse2x4   xor() 12754 MB/s
[    4.449903] raid6: avx2x1   gen() 27497 MB/s
[    4.517233] raid6: avx2x2   gen() 31073 MB/s
[    4.585567] raid6: avx2x4   gen() 35263 MB/s
[    4.586507] raid6: using algorithm avx2x4 gen() 35263 MB/s
[    4.587612] raid6: using avx2x2 recovery algorithm
[    4.589642] xor: automatically using best checksumming function:
[    4.628965]    avx       : 30574.000 MB/sec
[    4.630981] async_tx: api initialized (async)
[    4.638104] md: raid6 personality registered for level 6
[    4.639180] md: raid5 personality registered for level 5
[    4.640255] md: raid4 personality registered for level 4
[    4.646598] md: raid10 personality registered for level 10
done.
Begin: Running /scripts/init-premount ... done.
Begin: Mounting root file system ... Begin: Running /scripts/local-top ... done.
Begin: Running /scripts/local-premount ... [    4.672407] Btrfs loaded
Scanning for Btrfs filesystems
done.
Warning: fsck not present, so skipping root file system
[    4.724168] EXT4-fs (sda1): mounted filesystem with ordered data mode. Opts: (null)
done.
Begin: Running /scripts/local-bottom ... done.
Begin: Running /scripts/init-bottom ... done.
[    5.082281] systemd[1]: systemd 229 running in system mode. (+PAM +AUDIT +SELINUX +IMA +APPARMOR +SMACK +SYSVINIT +UTMP +LIBCRYPTSETUP +GCRYPT +GNUTLS +ACL +XZ -LZ4 +SECCOMP +BLKID +ELFUTILS +KMOD -IDN)
[    5.085673] systemd[1]: Detected virtualization oracle.
[    5.086804] systemd[1]: Detected architecture x86-64.

Welcome to [1mUbuntu 16.04.7 LTS[0m!

[    5.109627] systemd[1]: Set hostname to <ubuntu>.
[    5.140294] systemd[1]: Initializing machine ID from random generator.
[    5.141583] systemd[1]: Installed transient /etc/machine-id file.
[    5.540780] random: nonblocking pool is initialized
[    5.626986] systemd[1]: Reached target Encrypted Volumes.
[[0;32m  OK  [0m] Reached target Encrypted Volumes.
[    5.628897] systemd[1]: Listening on Device-mapper event daemon FIFOs.
[[0;32m  OK  [0m] Listening on Device-mapper event daemon FIFOs.
[    5.631122] systemd[1]: Started Forward Password Requests to Wall Directory Watch.
[[0;32m  OK  [0m] Started Forward Password Requests to Wall Directory Watch.
[    5.633976] systemd[1]: Created slice System Slice.
[[0;32m  OK  [0m] Created slice System Slice.
[    5.635705] systemd[1]: Reached target User and Group Name Lookups.
[[0;32m  OK  [0m] Reached target User and Group Name Lookups.
[    5.637771] systemd[1]: Listening on udev Control Socket.
[[0;32m  OK  [0m] Listening on udev Control Socket.
[    5.639588] systemd[1]: Listening on Journal Socket (/dev/log).
[[0;32m  OK  [0m] Listening on Journal Socket (/dev/log).
[    5.641694] systemd[1]: Created slice User and Session Slice.
[[0;32m  OK  [0m] Created slice User and Session Slice.
[    5.643576] systemd[1]: Listening on Syslog Socket.
[[0;32m  OK  [0m] Listening on Syslog Socket.
[    5.645264] systemd[1]: Reached target Swap.
[[0;32m  OK  [0m] Reached target Swap.
[    5.647038] systemd[1]: Listening on /dev/initctl Compatibility Named Pipe.
[[0;32m  OK  [0m] Listening on /dev/initctl Compatibility Named Pipe.
[    5.649290] systemd[1]: Reached target System Time Synchronized.
[[0;32m  OK  [0m] Reached target System Time Synchronized.
[    5.651417] systemd[1]: Created slice system-serial\x2dgetty.slice.
[[0;32m  OK  [0m] Created slice system-serial\x2dgetty.slice.
[    5.653484] systemd[1]: Listening on LVM2 metadata daemon socket.
[[0;32m  OK  [0m] Listening on LVM2 metadata daemon socket.
[    5.655458] systemd[1]: Started Trigger resolvconf update for networkd DNS.
[[0;32m  OK  [0m] Started Trigger resolvconf update for networkd DNS.
[    5.657831] systemd[1]: Set up automount Arbitrary Executable File Formats File System Automount Point.
[[0;32m  OK  [0m] Set up automount Arbitrary Executab...ats File System Automount Point.
[    5.660736] systemd[1]: Listening on udev Kernel Socket.
[[0;32m  OK  [0m] Listening on udev Kernel Socket.
[    5.662559] systemd[1]: Reached target Slices.
[[0;32m  OK  [0m] Reached target Slices.
[    5.664168] systemd[1]: Listening on LVM2 poll daemon socket.
[[0;32m  OK  [0m] Listening on LVM2 poll daemon socket.
[    5.666117] systemd[1]: Listening on Journal Socket.
[[0;32m  OK  [0m] Listening on Journal Socket.
[    5.676895] systemd[1]: Starting Monitoring of LVM2 mirrors, snapshots etc. using dmeventd or progress polling...
         Starting Monitoring of LVM2 mirrors... dmeventd or progress polling...
[    5.686095] systemd[1]: Mounting Huge Pages File System...
         Mounting Huge Pages File System...
[    5.688233] systemd[1]: Starting Uncomplicated firewall...
         Starting Uncomplicated firewall...
[    5.690396] systemd[1]: Starting Set console keymap...
         Starting Set console keymap...
[    5.692452] systemd[1]: Starting Remount Root and Kernel File Systems...
         Starting Remount Root and Kernel File Systems...
[    5.727065] EXT4-fs (sda1): re-mounted. Opts: (null)
[    5.737310] systemd[1]: Starting Load Kernel Modules...
         Starting Load Kernel Modules...
[    5.739518] systemd[1]: Mounting Debug File System...
         Mounting Debug File System...
[    5.753474] systemd[1]: Starting Create list of required static device nodes for the current kernel...
         Starting Create list of required st... nodes for the current kernel...
[    5.756626] systemd[1]: Mounting POSIX Message Queue File System...
         Mounting POSIX Message Queue File System...
[    5.774490] systemd[1]: Listening on Journal Audit Socket.
[[0;32m  OK  [0m] Listening on Journal Audit Socket.
[    5.797239] systemd[1]: Starting Journal Service...
         Starting Journal Service...
[    5.799363] systemd[1]: Starting Nameserver information manager...
         Starting Nameserver information manager...
[    5.802668] systemd[1]: Mounted Debug File System.
[[0;32m  OK  [0m] Mounted Debug File System.
[    5.809166] systemd[1]: Mounted Huge Pages File System.
[[0;32m  OK  [0m] Mounted Huge Pages File System.
[    5.817505] systemd[1]: Mounted POSIX Message Queue File System.
[[0;32m  OK  [0m] Mounted POSIX Message Queue File System.
[    5.819848] systemd[1]: Started Uncomplicated firewall.
[[0;32m  OK  [0m] Started Uncomplicated firewall.
[    5.835746] systemd[1]: Started Remount Root and Kernel File Systems.
[[0;32m  OK  [0m] Started Remount Root and Kernel File Systems.
[    5.845618] systemd[1]: Started Create list of required static device nodes for the current kernel.
[[0;32m  OK  [0m] Started Create list of required sta...ce nodes for the current kernel.
[    5.856809] Loading iSCSI transport class v2.0-870.
[    5.861442] systemd[1]: Started Set console keymap.
[[0;32m  OK  [0m] Started Set console keymap.
[    5.870519] systemd[1]: Starting Create Static Device Nodes in /dev...
         Starting Create Static Device Nodes in /dev...
[    5.878993] systemd[1]: Starting udev Coldplug all Devices...
         Starting udev Coldplug all Devices...
[    5.885608] systemd[1]: Starting Load/Save Random Seed...
         Starting Load/Save Random Seed...
[    5.887778] systemd[1]: Started Nameserver information manager.
[[0;32m  OK  [0m] Started Nameserver information manager.
[    5.914671] systemd[1]: Started LVM2 metadata daemon.
[[0;32m  OK  [0m] Started LVM2 metadata daemon.
[    5.952417] iscsi: registered transport (tcp)
[    5.999497] systemd[1]: Started Load/Save Random Seed.
[[0;32m  OK  [0m] Started Load/Save Random Seed.
[    6.055102] systemd[1]: Started udev Coldplug all Devices.
[[0;32m  OK  [0m] Started udev Coldplug all Devices.
[    6.078172] systemd[1]: Started Journal Service.
[[0;32m  OK  [0m] Started Journal Service.
         Starting Flush Journal to Persistent Storage...
[    6.119885] iscsi: registered transport (iser)
[    6.122440] systemd-journald[395]: Received request to flush runtime journal from PID 1
[[0;32m  OK  [0m] Started Load Kernel Modules.
[[0;32m  OK  [0m] Started Flush Journal to Persistent Storage.
         Mounting FUSE Control File System...
         Starting Apply Kernel Variables...
[[0;32m  OK  [0m] Mounted FUSE Control File System.
[[0;32m  OK  [0m] Started Create Static Device Nodes in /dev.
         Starting udev Kernel Device Manager...
[[0;32m  OK  [0m] Started Apply Kernel Variables.
[[0;32m  OK  [0m] Started Monitoring of LVM2 mirrors,...ng dmeventd or progress polling.
[[0;32m  OK  [0m] Reached target Local File Systems (Pre).
[[0;32m  OK  [0m] Reached target Local File Systems.
         Starting LSB: AppArmor initialization...
         Starting Commit a transient machine-id on disk...
         Starting Set console font and keymap...
         Starting Tell Plymouth To Write Out Runtime Data...
         Starting Create Volatile Files and Directories...
         Starting Initial cloud-init job (pre-networking)...
[[0;32m  OK  [0m] Started Commit a transient machine-id on disk.
[[0;32m  OK  [0m] Started Create Volatile Files and Directories.
         Starting Update UTMP about System Boot/Shutdown...
[[0;32m  OK  [0m] Started Tell Plymouth To Write Out Runtime Data.
[[0;32m  OK  [0m] Started Update UTMP about System Boot/Shutdown.
[[0;32m  OK  [0m] Started udev Kernel Device Manager.
[[0;32m  OK  [0m] Started Dispatch Password Requests to Console Directory Watch.
[[0;32m  OK  [0m] Found device /dev/ttyS0.
[[0;32m  OK  [0m] Listening on Load/Save RF Kill Switch Status /dev/rfkill Watch.
[[0;32m  OK  [0m] Started Set console font and keymap.
[[0;32m  OK  [0m] Created slice system-getty.slice.
[[0;32m  OK  [0m] Started LSB: AppArmor initialization.
         Starting Load AppArmor profiles managed internally by snapd...
[[0;32m  OK  [0m] Started Load AppArmor profiles managed internally by snapd.
[    9.496050] cloud-init[476]: Cloud-init v. 20.4.1-0ubuntu1~16.04.1 running 'init-local' at Sun, 31 Jan 2021 06:08:51 +0000. Up 9.01 seconds.
[[0;32m  OK  [0m] Started Initial cloud-init job (pre-networking).
[[0;32m  OK  [0m] Reached target Network (Pre).
         Starting Raise network interfaces...
[[0;32m  OK  [0m] Started Raise network interfaces.
         Starting Initial cloud-init job (metadata service crawler)...
[[0;32m  OK  [0m] Reached target Network.
[   11.300130] cloud-init[950]: Cloud-init v. 20.4.1-0ubuntu1~16.04.1 running 'init' at Sun, 31 Jan 2021 06:08:52 +0000. Up 10.12 seconds.
[   11.301246] cloud-init[950]: ci-info: ++++++++++++++++++++++++++++++++++++++Net device info+++++++++++++++++++++++++++++++++++++++
[   11.302272] cloud-init[950]: ci-info: +--------+-------+----------------------------+---------------+--------+-------------------+
[   11.303242] cloud-init[950]: ci-info: | Device |   Up  |          Address           |      Mask     | Scope  |     Hw-Address    |
[   11.304421] cloud-init[950]: ci-info: +--------+-------+----------------------------+---------------+--------+-------------------+
[   11.305957] cloud-init[950]: ci-info: | enp0s3 |  True |         10.0.2.15          | 255.255.255.0 | global | 02:95:c5:cf:8a:88 |
[   11.307521] cloud-init[950]: ci-info: | enp0s3 |  True | fe80::95:c5ff:fecf:8a88/64 |       .       |  link  | 02:95:c5:cf:8a:88 |
[   11.309048] cloud-init[950]: ci-info: | enp0s8 | False |             .              |       .       |   .    | 08:00:27:a8:b8:59 |
[   11.310581] cloud-init[950]: ci-info: |   lo   |  True |         127.0.0.1          |   255.0.0.0   |  host  |         .         |
[   11.312059] cloud-init[950]: ci-info: |   lo   |  True |          ::1/128           |       .       |  host  |         .         |
[   11.321201] cloud-init[950]: ci-info: +--------+-------+----------------------------+---------------+--------+-------------------+
[   11.329013] cloud-init[950]: ci-info: +++++++++++++++++++++++++++Route IPv4 info++++++++++++++++++++++++++++
[   11.330400] cloud-init[950]: ci-info: +-------+-------------+----------+---------------+-----------+-------+
[   11.336835] cloud-init[950]: ci-info: | Route | Destination | Gateway  |    Genmask    | Interface | Flags |
[   11.337812] cloud-init[950]: ci-info: +-------+-------------+----------+---------------+-----------+-------+
[   11.344591] cloud-init[950]: ci-info: |   0   |   0.0.0.0   | 10.0.2.2 |    0.0.0.0    |   enp0s3  |   UG  |
[   11.356486] [[0;32m  OK  [0m] Started Initial cloud-init job (metadata service crawler).
cloud-init[950]: ci-info: |   1   |   10.0.2.0  | 0.0.0.0  | 255.255.255.0 |   enp0s3  |   U   |
[   11.357554] [[0;32m  OK  [0m] Reached target Network is Online.
cloud-init[950]: ci-info: +-------+-------------+----------+---------------+-----------+-------+
[   11.358585] cloud-init[950]: ci-info: +++++++++++++++++++Route IPv6 info+++++++++++++++++++
[   11.364335] cloud-init[950]: ci-info: +-------+-------------+---------+-----------+-------+
[   11.365176] cloud-init[950]: ci-info: | Route | Destination | Gateway | Interface | Flags |
[   11.365968] cloud-init[950]: ci-info: +-------+-------------+---------+-----------+-------+
[   11.366638] cloud-init[950]: ci-info: |   0   |  fe80::/64  |    ::   |   enp0s3  |   U   |
[   11.372580]          Starting iSCSI initiator daemon (iscsid)...
cloud-init[[950]: [0;32m  OK  [0mci-info: |   3   |   ff00::/8  |    ::   |   enp0s3  |   U   |] Reached target System Initialization.

[   11.373853] [[0;32m  OK  [0m] Started Daily apt download activities.
         Starting Socket activation for snappy daemon.
[[0;32m  OK  [0m] Started Message of the Day.
cloud-init[950]: ci-info: +-------+-------------+---------+-----------+-------+
[   11.380288] cloud-init[950]: Generating public/private rsa key pair.
[   11.380885] cloud-init[950]: Your identification has been saved in /etc/ssh/ssh_host_rsa_key.
[   11.381649] cloud-init[950]: Your public key has been saved in /etc/ssh/ssh_host_rsa_key.pub.
[   11.382303] cloud-init[950]: The key fingerprint is:
[   11.388304] cloud-init[950]: SHA256:A7ZVvVmalSBUqYz1w7h5FWocHOMZSgEtLToWVbCP2tM root@ubuntu-xenial
[   11.397777]          Starting LXD - unix socket.
cloud-init[950]: The key's randomart image is:[[0;32m  OK  [0m] Started Daily Cleanup of Temporary Directories.

[   11.399246] cloud-init[[0;32m  OK  [0m] Started Daily apt upgrade and clean activities.
[950]: +---[RSA 2048]----+
[   11.400845] cloud-init[950]: [[0;32m  OK  [0m] Started ACPI Events Check.
[[0;32m  OK  [0m] Reached target Paths.
[[0;32m  OK  [0m] Listening on UUID daemon activation socket.
[[0;32m  OK  [0m] Listening on D-Bus System Message Bus Socket.
[[0;32m  OK  [0m] Listening on ACPID Listen Socket.
[[0;32m  OK  [0m] Reached target Timers.
[[0;32m  OK  [0m] Reached target Cloud-config availability.
[[0;32m  OK  [0m] Listening on Socket activation for snappy daemon.
[[0;32m  OK  [0m] Listening on LXD - unix socket.
[[0;32m  OK  [0m] Reached target Sockets.
[[0;32m  OK  [0m] Reached target Basic System.
|       .+BB=*+ . |
[   11.406952] cloud-init[950]: |      . o+++=+=  |
[   11.407855] cloud-init[950]: |      ooo*.*oX . |
[   11.408824] cloud-init[950]: |     .++.o+ % .  |
[   11.409914] cloud-init[950]: |     ...S .+ o   |
[   11.410780] cloud-init[950]: |       o oo .    |
[   11.411653] cloud-init[950]: |      . o E.     |
[   11.412731] cloud-init[950]: |         .       |
[   11.420183]          Starting Accounts Service...
cloud-init[950]: |                 |
[   11.421131] cloud-init[950]: +----[SHA256]-----+
[   11.421690] cloud-init[950]: Generating public/private dsa key pair.
[   11.422383] cloud-init[950]: Your identification has been saved in /etc/ssh/ssh_host_dsa_key.
[   11.423028] cloud-init[950]: Your public key has been saved in /etc/ssh/ssh_host_dsa_key.pub.
[   11.423782] cloud-init[950]: The key fingerprint is:
[   11.424403] cloud-init[950]: SHA256:sC7TuB6f5gI1YKpsMwXYCxJbt6Of97pCYLdqCwUbdYM root@ubuntu-xenial
[   11.425610] cloud-init[950]: The key's randomart image is:
[   11.426561] cloud-init[950]: +---[DSA 1024]----+
[   11.427194] cloud-init[950]: |ooo.+            |
[   11.428080] cloud-init[950]: [[0;32m  OK  [0m] Started Regular background program processing daemon.
         Starting LXD - container startup/shutdown...
|+=Eo o           |
[   11.430276] [[0;32m  OK  [0m] Started FUSE filesystem for LXC.
cloud-init         Starting Virtualbox guest utils...
[950]: |=+.oo .          |
[   11.433537] cloud-init[950]: |.++o+. o         |
[   11.434295] cloud-init[950]: |+.++ o. S        |
[   11.435042] cloud-init[950]: |.*..o=           |
[   11.435797] cloud-init[950]: |o o+B +          |
[   11.436563] cloud-init[950]: | .o oB.o         |
[   11.437311] cloud-init[950]: | ..oo=*o.        |
[   11.438066] cloud-init[950]: +----[SHA256]-----+
[   11.438812] cloud-init[950]: Generating public/private ecdsa key pair.
[   11.439781] cloud-init[950]: Your identification has been saved in /etc/ssh/ssh_host_ecdsa_key.
[   11.440970] cloud-init[950]: Your public key has been saved in /etc/ssh/ssh_host_ecdsa_key.pub.
[   11.441984] cloud-init[950]: The key fingerprint is:
[   11.442763] cloud-init[950]: SHA256:lKgbT9MjwQl98U7K9vINz13hUfaLkp5Dpz4M1Ezwo+g root@ubuntu-xenial
[   11.444092] cloud-init[950]: The key's randomart image is:
[   11.446110] [[0;32m  OK  [0m] Started ACPI event daemon.
cloud-init[950]: +---[ECDSA 256]---+
[   11.447008]          cloud-initStarting LSB: MD monitoring daemon...[950]: 
|    ..  .o.      |
[   11.448162]          Starting System Logging Service...
[[0;32m  OK  [0m] Started Deferred execution scheduler.
         Starting Login Service...
cloud-init[950]: |     o.o.o..     |
[[0;32m  OK  [0m] Started D-Bus System Message Bus.
[   11.454537] cloud-init[950]: |      =.o *o    o|
[   11.455114] cloud-init[950]: |     . =.=.o.  .o|
[   11.461093] cloud-init[950]: |    o +.S..    o.|
[   11.468932] cloud-init[950]: |     =.+ + ...o +|
[   11.469521] cloud-init[950]: |    . .E. *oo. o.|
[   11.469995] cloud-init[950]: |         o.Xo. . |
[   11.471089] cloud-init[950]: |          o+* .  |
[   11.476782] cloud-init[950]: +----[SHA256]-----+
[   11.477695] cloud-init[950]: Generating public/private ed25519 key pair.
[   11.478819] cloud-init[950]: Your identification has been saved in /etc/ssh/ssh_host_ed25519_key.
[   11.480447] cloud-init[950]: Your public key has been saved in /etc/ssh/ssh_host_ed25519_key.pub.
[   11.481758] cloud-init[950]: The key fingerprint is:
[   11.482665] cloud-init[950]: SHA256:aswWVC9Y4tgVmQvbOcgDRB+/99nOYTQDhILb5pYNIYA root@ubuntu-xenial
[   11.483963] cloud-init[950]: The key's randomart image is:
[   11.484949] cloud-init[950]: +--[ED25519 256]--+
[   11.485674] cloud-init[950]: |   ++.o.=+ ..    |
[   11.486540] cloud-init[950]: |  E .=+O=...     |
[   11.487658] cloud-init[950]: |    .o*Oo=. .    |
[   11.488188] cloud-init[950]: |     .* Oo   .   |
[   11.488966] cloud-init[950]: |      .+S=.   +  |
[   11.496231] cloud-init[950]: |     o o+... + o |
[   11.504668] cloud-init[950]: |      *.    o +  |
[   11.512907] cloud-init[950]: |     o       + . |
[   11.520695] cloud-init[950]: |              o  |
[   11.521279] cloud-init[950]: +----[SHA256]-----+
         Starting Pollinate to seed the pseudo random number generator...
         Starting /etc/rc.local Compatibility...
         Starting LSB: Record successful boot for GRUB...
         Starting Snap Daemon...
[[0;32m  OK  [0m] Started System Logging Service.
[[0;32m  OK  [0m] Started /etc/rc.local Compatibility.
[[0;32m  OK  [0m] Started Login Service.
[[0;32m  OK  [0m] Started Unattended Upgrades Shutdown.
         Starting Authenticate and Authorize Users to Run Privileged Tasks...
[[0;32m  OK  [0m] Started iSCSI initiator daemon (iscsid).
         Starting Login to default iSCSI targets...
[[0;32m  OK  [0m] Started LSB: MD monitoring daemon.
[[0;32m  OK  [0m] Started LSB: Record successful boot for GRUB.
[[0;32m  OK  [0m] Started Authenticate and Authorize Users to Run Privileged Tasks.
[[0;32m  OK  [0m] Started Accounts Service.
[[0;32m  OK  [0m] Started Login to default iSCSI targets.
[[0;32m  OK  [0m] Reached target Remote File Systems (Pre).
[[0;32m  OK  [0m] Reached target Remote File Systems.
         Starting LSB: Set the CPU Frequency Scaling governor to "ondemand"...
         Starting LSB: automatic crash report generation...
         Starting LSB: daemon to balance interrupts for SMP systems...
         Starting Permit User Sessions...
[[0;32m  OK  [0m] Started LSB: Set the CPU Frequency Scaling governor to "ondemand".
[[0;32m  OK  [0m] Started Permit User Sessions.
         Starting Hold until boot process finishes up...
         Starting Terminate Plymouth Boot Screen...
[[0;32m  OK  [0m] Started Hold until boot process finishes up.
[[0;32m  OK  [0m] Started Serial Getty on ttyS0.
[[0;32m  OK  [0m] Started Getty on tty1.
[[0;32m  OK  [0m] Reached target Login Prompts.
         Starting Set console scheme...
[[0;32m  OK  [0m] Started LSB: automatic crash report generation.
[[0;32m  OK  [0m] Started Terminate Plymouth Boot Screen.
[[0;32m  OK  [0m] Started LSB: daemon to balance interrupts for SMP systems.
[[0;32m  OK  [0m] Started Set console scheme.
[[0;32m  OK  [0m] Started Virtualbox guest utils.
[[0;32m  OK  [0m] Started LXD - container startup/shutdown.
[[0;32m  OK  [0m] Started Snap Daemon.
         Starting Wait until snapd is fully seeded...
[[0;32m  OK  [0m] Started Pollinate to seed the pseudo random number generator.
         Starting OpenBSD Secure Shell server...
[[0;32m  OK  [0m] Started OpenBSD Secure Shell server.
[[0;32m  OK  [0m] Created slice User Slice of vagrant.
         Starting User Manager for UID 1000...
[[0;32m  OK  [0m] Started Session 1 of user vagrant.
[[0;32m  OK  [0m] Started User Manager for UID 1000.

Ubuntu 16.04.7 LTS ubuntu-xenial ttyS0

ubuntu-xenial login: [   19.609902] cloud-init[1527]: Generating locales (this might take a while)...
[   21.364120] cloud-init[1527]:   en_US.UTF-8... done
[   21.365338] cloud-init[1527]: Generation complete.
[   22.149669] cloud-init[1527]: Cloud-init v. 20.4.1-0ubuntu1~16.04.1 running 'modules:config' at Sun, 31 Jan 2021 06:09:01 +0000. Up 19.37 seconds.
ci-info: no authorized SSH keys fingerprints found for user ubuntu.
<14>Jan 31 06:09:05 ec2: 
<14>Jan 31 06:09:05 ec2: #############################################################
<14>Jan 31 06:09:05 ec2: -----BEGIN SSH HOST KEY FINGERPRINTS-----
<14>Jan 31 06:09:05 ec2: 1024 SHA256:sC7TuB6f5gI1YKpsMwXYCxJbt6Of97pCYLdqCwUbdYM root@ubuntu-xenial (DSA)
<14>Jan 31 06:09:05 ec2: 256 SHA256:lKgbT9MjwQl98U7K9vINz13hUfaLkp5Dpz4M1Ezwo+g root@ubuntu-xenial (ECDSA)
<14>Jan 31 06:09:05 ec2: 256 SHA256:aswWVC9Y4tgVmQvbOcgDRB+/99nOYTQDhILb5pYNIYA root@ubuntu-xenial (ED25519)
<14>Jan 31 06:09:05 ec2: 2048 SHA256:A7ZVvVmalSBUqYz1w7h5FWocHOMZSgEtLToWVbCP2tM root@ubuntu-xenial (RSA)
<14>Jan 31 06:09:05 ec2: -----END SSH HOST KEY FINGERPRINTS-----
<14>Jan 31 06:09:05 ec2: #############################################################
-----BEGIN SSH HOST KEY KEYS-----
ecdsa-sha2-nistp256 AAAAE2VjZHNhLXNoYTItbmlzdHAyNTYAAAAIbmlzdHAyNTYAAABBBF2E6kIdn/XedvDNCaG3IvCMjgfU+bMvM4Mw+bQHXMZ9/MVN/LvWVUEbsIo2vjOKFXr6hsdMuUu2rZDa7jj5Gik= root@ubuntu-xenial
ssh-ed25519 AAAAC3NzaC1lZDI1NTE5AAAAIFo2T4EyCqr+AMPA+s8a/GSexoKJh3+/i4pYa9YcSQU4 root@ubuntu-xenial
ssh-rsa AAAAB3NzaC1yc2EAAAADAQABAAABAQC86zAsOmz2gWNKBVtqU4FQsNXd2R15bJ9XpcuuXfvucimOLmPyyZi7blfIwDV27TMwJAD2bp+dOW5dk6Q/PX9bqvnyIXEzDAPgW9iPJARnnKPVTxFGzuZGlfGPvDiVmK6f61amngn7a88JVpopOfsMlp7oJuBtXwLtgELW9jI0Rtr5oi/RvLXKcT51ko6BQ3MwD/R8H4ZC6IIEsPdRyRImx0lXrHWQbBeLXjvDl7a7YDvShVcnjomFYHCdFx+/3NAyhFSKokO//Cgt83WOITC4C19VNkdAy8QIiG+vlpw4jx8InjBSo4M0klqYiOi4GR+nMWN5gsuDy0/hF2JmgRLt root@ubuntu-xenial
-----END SSH HOST KEY KEYS-----
[   22.707365] cloud-init[1836]: Cloud-init v. 20.4.1-0ubuntu1~16.04.1 running 'modules:final' at Sun, 31 Jan 2021 06:09:05 +0000. Up 22.51 seconds.
[   22.707515] cloud-init[1836]: ci-info: no authorized SSH keys fingerprints found for user ubuntu.
[   22.707736] cloud-init[1836]: Cloud-init v. 20.4.1-0ubuntu1~16.04.1 finished at Sun, 31 Jan 2021 06:09:05 +0000. Datasource DataSourceNoCloud [seed=/dev/sdb][dsmode=net].  Up 22.70 seconds
